<?xml version="1.0" encoding="UTF-8"?>
<testsuites name="Test Suite Login" time="121.072" tests="3" failures="0" errors="0">
   <testsuite name="Test Suite Login" tests="3" failures="0" errors="0" time="121.072" skipped="0" timestamp="2022-05-25 08:22:33" hostname="meitridelfiza - 192.168.0.4" id="Test Suites/Test Suite Login">
      <properties>
         <property name="deviceName" value=""/>
         <property name="devicePlatform" value=""/>
         <property name="logFolder" value="/Users/meitridelfiza/git/yellowfit-web-automation/Reports/20220525_082229/Test Suite Login/20220525_082229"/>
         <property name="logFiles" value="/Users/meitridelfiza/git/yellowfit-web-automation/Reports/20220525_082229/Test Suite Login/20220525_082229/execution0.log"/>
         <property name="attachments" value=""/>
         <property name="hostName" value="meitridelfiza - 192.168.0.4"/>
         <property name="os" value="Mac OS X 64bit"/>
         <property name="katalonVersion" value="8.2.5.208"/>
         <property name="browser" value="Chrome 101.0.4951.64"/>
         <property name="hostAddress" value="192.168.0.4"/>
         <property name="sessionId" value="dd8048868002d04807eb7a1f9c8bb2b2"/>
         <property name="seleniumVersion" value="3.141.59"/>
         <property name="proxyInformation" value="ProxyInformation { proxyOption=NO_PROXY, proxyServerType=HTTP, username=, password=********, proxyServerAddress=, proxyServerPort=0, executionList=&quot;&quot;, isApplyToDesiredCapabilities=true }"/>
         <property name="platform" value="Mac OS X"/>
      </properties>
      <testcase name="Test Cases/Login/Login with valid credentials" time="31.249" classname="Test Cases/Login/Login with valid credentials" status="PASSED">
         <system-out><![CDATA[2022-05-25 08:22:33 - [TEST_CASE][PASSED] - Test Cases/Login/Login with valid credentials: Test Cases/Login/Login with valid credentials

2022-05-25 08:22:33 - [TEST_STEP][PASSED] - runFeatureFileWithTags("Include/features/Login.feature", "@Valid_credentials"): Feature file: 'Include/features/Login.feature' was passed

2022-05-25 08:22:34 - [MESSAGE][INFO] - Starting run keyword runFeatureFile: 'Include/features/Login.feature' and extract report to folder: '/Users/meitridelfiza/git/yellowfit-web-automation/Reports/20220525_082229/Test Suite Login/20220525_082229/cucumber_report/1653441754048'...

2022-05-25 08:22:34 - [TEST_CASE][PASSED] - Start Test Case : SCENARIO Login with valid credentials: SCENARIO Login with valid credentials

2022-05-25 08:22:34 - [TEST_STEP][PASSED] - I navigate to YellowFit application: I navigate to YellowFit application

2022-05-25 08:22:34 - [TEST_CASE][PASSED] - Test Cases/Common/Home - Load home page: Test Cases/Common/Home - Load home page

2022-05-25 08:22:34 - [TEST_STEP][PASSED] - openBrowser(""): Browser is opened with url: ''

2022-05-25 08:22:35 - [MESSAGE][INFO] - Starting 'Chrome' driver

2022-05-25 08:22:35 - [MESSAGE][INFO] - Action delay is set to 0 milliseconds

2022-05-25 08:22:40 - [MESSAGE][PASSED] - Browser is opened with url: ''

2022-05-25 08:22:40 - [TEST_STEP][PASSED] - navigateToUrl(url): Navigate to 'https://yellowfitkitchen.com/' successfully

2022-05-25 08:22:52 - [MESSAGE][PASSED] - Navigate to 'https://yellowfitkitchen.com/' successfully

2022-05-25 08:22:52 - [MESSAGE][PASSED] - Call Test Case 'Test Cases/Common/Home - Load home page' successfully

2022-05-25 08:22:52 - [MESSAGE][PASSED] - I navigate to YellowFit application

2022-05-25 08:22:52 - [TEST_STEP][PASSED] - I click Account button: I click Account button

2022-05-25 08:22:52 - [TEST_CASE][PASSED] - Test Cases/Common/Home - Click Account: Test Cases/Common/Home - Click Account

2022-05-25 08:22:53 - [TEST_STEP][PASSED] - click(findTestObject("Object Repository/Home/link_account")): Object: 'Object Repository/Home/link_account' is clicked on

2022-05-25 08:22:56 - [MESSAGE][PASSED] - Object: 'Object Repository/Home/link_account' is clicked on

2022-05-25 08:22:56 - [MESSAGE][PASSED] - Call Test Case 'Test Cases/Common/Home - Click Account' successfully

2022-05-25 08:22:56 - [MESSAGE][PASSED] - I click Account button

2022-05-25 08:22:56 - [TEST_STEP][PASSED] - I enter email mdelfiza@gmail.com and password pGIjovFIKpdMBmQKKTji5A==: I enter email mdelfiza@gmail.com and password pGIjovFIKpdMBmQKKTji5A==

2022-05-25 08:22:56 - [TEST_CASE][PASSED] - Test Cases/Common/Login - Input email: Test Cases/Common/Login - Input email

2022-05-25 08:22:56 - [TEST_STEP][PASSED] - setText(findTestObject("Login/input_email"), email): Text ' mdelfiza@gmail.com' is set on object 'Object Repository/Login/input_email'

2022-05-25 08:22:58 - [MESSAGE][PASSED] - Text ' mdelfiza@gmail.com' is set on object 'Object Repository/Login/input_email'

2022-05-25 08:22:58 - [MESSAGE][PASSED] - Call Test Case 'Test Cases/Common/Login - Input email' successfully

2022-05-25 08:22:58 - [TEST_CASE][PASSED] - Test Cases/Common/Login - Input password: Test Cases/Common/Login - Input password

2022-05-25 08:22:58 - [TEST_STEP][PASSED] - setEncryptedText(findTestObject("Login/input_password"), password): Text ****** has been set on object 'Object Repository/Login/input_password'

2022-05-25 08:22:58 - [MESSAGE][PASSED] - Text ****** has been set on object 'Object Repository/Login/input_password'

2022-05-25 08:22:58 - [MESSAGE][PASSED] - Call Test Case 'Test Cases/Common/Login - Input password' successfully

2022-05-25 08:22:58 - [MESSAGE][PASSED] - I enter email mdelfiza@gmail.com and password pGIjovFIKpdMBmQKKTji5A==

2022-05-25 08:22:58 - [TEST_STEP][PASSED] - I click Login button: I click Login button

2022-05-25 08:22:58 - [TEST_CASE][PASSED] - Test Cases/Common/Login - Click Login: Test Cases/Common/Login - Click Login

2022-05-25 08:22:59 - [TEST_STEP][PASSED] - click(findTestObject("Login/btn_login")): Object: 'Object Repository/Login/btn_login' is clicked on

2022-05-25 08:22:59 - [MESSAGE][PASSED] - Object: 'Object Repository/Login/btn_login' is clicked on

2022-05-25 08:22:59 - [MESSAGE][PASSED] - Call Test Case 'Test Cases/Common/Login - Click Login' successfully

2022-05-25 08:22:59 - [MESSAGE][PASSED] - I click Login button

2022-05-25 08:22:59 - [TEST_STEP][PASSED] - I should be able to login successfully: I should be able to login successfully

2022-05-25 08:22:59 - [TEST_CASE][PASSED] - Test Cases/Common/My Account - My Account page is loaded successfully: Test Cases/Common/My Account - My Account page is loaded successfully

2022-05-25 08:22:59 - [TEST_STEP][PASSED] - verifyMatch(getUrl(), url + "myaccount", false): Actual text 'https://yellowfitkitchen.com/myaccount' and expected text 'https://yellowfitkitchen.com/myaccount' are matched 

2022-05-25 08:23:03 - [MESSAGE][PASSED] - Current window's url is: 'https://yellowfitkitchen.com/myaccount'

2022-05-25 08:23:03 - [MESSAGE][PASSED] - Actual text 'https://yellowfitkitchen.com/myaccount' and expected text 'https://yellowfitkitchen.com/myaccount' are matched 

2022-05-25 08:23:03 - [TEST_STEP][PASSED] - verifyTextPresent("My Account", false): Text 'My Account' is present on page 

2022-05-25 08:23:04 - [MESSAGE][PASSED] - Text 'My Account' is present on page 

2022-05-25 08:23:04 - [MESSAGE][PASSED] - Call Test Case 'Test Cases/Common/My Account - My Account page is loaded successfully' successfully

2022-05-25 08:23:04 - [MESSAGE][PASSED] - I should be able to login successfully

2022-05-25 08:23:04 - [MESSAGE][PASSED] - Feature file: 'Include/features/Login.feature' was passed

2022-05-25 08:23:04 - [TEST_STEP][PASSED] - Start listener action : afterTestCase: Browser is closed

2022-05-25 08:23:04 - [TEST_STEP][PASSED] - closeBrowser(): Browser is closed

2022-05-25 08:23:04 - [MESSAGE][PASSED] - Browser is closed]]></system-out>
         <system-err><![CDATA[]]></system-err>
      </testcase>
      <testcase name="Test Cases/Login/Neg - Login with unregistered email" time="45.048" classname="Test Cases/Login/Neg - Login with unregistered email" status="PASSED">
         <system-out><![CDATA[2022-05-25 08:23:04 - [TEST_CASE][PASSED] - Test Cases/Login/Neg - Login with unregistered email: Test Cases/Login/Neg - Login with unregistered email

2022-05-25 08:23:05 - [TEST_STEP][PASSED] - runFeatureFileWithTags("Include/features/Login.feature", "@Unregistered_email"): Feature file: 'Include/features/Login.feature' was passed

2022-05-25 08:23:05 - [MESSAGE][INFO] - Starting run keyword runFeatureFile: 'Include/features/Login.feature' and extract report to folder: '/Users/meitridelfiza/git/yellowfit-web-automation/Reports/20220525_082229/Test Suite Login/20220525_082229/cucumber_report/1653441785137'...

2022-05-25 08:23:05 - [TEST_CASE][PASSED] - Start Test Case : SCENARIO Login with unregistered email: SCENARIO Login with unregistered email

2022-05-25 08:23:05 - [TEST_STEP][PASSED] - I navigate to YellowFit application: I navigate to YellowFit application

2022-05-25 08:23:05 - [TEST_CASE][PASSED] - Test Cases/Common/Home - Load home page: Test Cases/Common/Home - Load home page

2022-05-25 08:23:05 - [TEST_STEP][PASSED] - openBrowser(""): Browser is opened with url: ''

2022-05-25 08:23:05 - [MESSAGE][INFO] - Starting 'Chrome' driver

2022-05-25 08:23:05 - [MESSAGE][INFO] - Action delay is set to 0 milliseconds

2022-05-25 08:23:08 - [MESSAGE][PASSED] - Browser is opened with url: ''

2022-05-25 08:23:08 - [TEST_STEP][PASSED] - navigateToUrl(url): Navigate to 'https://yellowfitkitchen.com/' successfully

2022-05-25 08:23:40 - [MESSAGE][PASSED] - Navigate to 'https://yellowfitkitchen.com/' successfully

2022-05-25 08:23:40 - [MESSAGE][PASSED] - Call Test Case 'Test Cases/Common/Home - Load home page' successfully

2022-05-25 08:23:40 - [MESSAGE][PASSED] - I navigate to YellowFit application

2022-05-25 08:23:40 - [TEST_STEP][PASSED] - I click Account button: I click Account button

2022-05-25 08:23:40 - [TEST_CASE][PASSED] - Test Cases/Common/Home - Click Account: Test Cases/Common/Home - Click Account

2022-05-25 08:23:40 - [TEST_STEP][PASSED] - click(findTestObject("Object Repository/Home/link_account")): Object: 'Object Repository/Home/link_account' is clicked on

2022-05-25 08:23:45 - [MESSAGE][PASSED] - Object: 'Object Repository/Home/link_account' is clicked on

2022-05-25 08:23:45 - [MESSAGE][PASSED] - Call Test Case 'Test Cases/Common/Home - Click Account' successfully

2022-05-25 08:23:45 - [MESSAGE][PASSED] - I click Account button

2022-05-25 08:23:45 - [TEST_STEP][PASSED] - I enter email meitri.delfiza@icehousecorp.com and password pGIjovFIKpdMBmQKKTji5A==: I enter email meitri.delfiza@icehousecorp.com and password pGIjovFIKpdMBmQKKTji5A==

2022-05-25 08:23:45 - [TEST_CASE][PASSED] - Test Cases/Common/Login - Input email: Test Cases/Common/Login - Input email

2022-05-25 08:23:45 - [TEST_STEP][PASSED] - setText(findTestObject("Login/input_email"), email): Text ' meitri.delfiza@icehousecorp.com' is set on object 'Object Repository/Login/input_email'

2022-05-25 08:23:46 - [MESSAGE][PASSED] - Text ' meitri.delfiza@icehousecorp.com' is set on object 'Object Repository/Login/input_email'

2022-05-25 08:23:46 - [MESSAGE][PASSED] - Call Test Case 'Test Cases/Common/Login - Input email' successfully

2022-05-25 08:23:47 - [TEST_CASE][PASSED] - Test Cases/Common/Login - Input password: Test Cases/Common/Login - Input password

2022-05-25 08:23:47 - [TEST_STEP][PASSED] - setEncryptedText(findTestObject("Login/input_password"), password): Text ****** has been set on object 'Object Repository/Login/input_password'

2022-05-25 08:23:47 - [MESSAGE][PASSED] - Text ****** has been set on object 'Object Repository/Login/input_password'

2022-05-25 08:23:47 - [MESSAGE][PASSED] - Call Test Case 'Test Cases/Common/Login - Input password' successfully

2022-05-25 08:23:47 - [MESSAGE][PASSED] - I enter email meitri.delfiza@icehousecorp.com and password pGIjovFIKpdMBmQKKTji5A==

2022-05-25 08:23:47 - [TEST_STEP][PASSED] - I click Login button: I click Login button

2022-05-25 08:23:47 - [TEST_CASE][PASSED] - Test Cases/Common/Login - Click Login: Test Cases/Common/Login - Click Login

2022-05-25 08:23:47 - [TEST_STEP][PASSED] - click(findTestObject("Login/btn_login")): Object: 'Object Repository/Login/btn_login' is clicked on

2022-05-25 08:23:48 - [MESSAGE][PASSED] - Object: 'Object Repository/Login/btn_login' is clicked on

2022-05-25 08:23:48 - [MESSAGE][PASSED] - Call Test Case 'Test Cases/Common/Login - Click Login' successfully

2022-05-25 08:23:48 - [MESSAGE][PASSED] - I click Login button

2022-05-25 08:23:48 - [TEST_STEP][PASSED] - I should see error 'email anda belum terdaftar': I should see error 'email anda belum terdaftar'

2022-05-25 08:23:48 - [TEST_CASE][PASSED] - Test Cases/Common/Login - Verify error unregistered email: Test Cases/Common/Login - Verify error unregistered email

2022-05-25 08:23:48 - [TEST_STEP][PASSED] - customKeyword.verifyErrorMessage("Unknown", "email anda belum terdaftar, silakan lakukan registrasi!"): customKeyword.verifyErrorMessage is PASSED

2022-05-25 08:23:48 - [MESSAGE][WARNING] - Timeout '0' is invalid. Using default page load timeout: '30'

2022-05-25 08:23:48 - [MESSAGE][PASSED] - Object 'Object Repository/Login/mdl_failed' is present

2022-05-25 08:23:49 - [MESSAGE][PASSED] - Text 'Unknown' is present on page 

2022-05-25 08:23:49 - [MESSAGE][PASSED] - Text 'email anda belum terdaftar, silakan lakukan registrasi!' is present on page 

2022-05-25 08:23:49 - [MESSAGE][PASSED] - customKeyword.verifyErrorMessage is PASSED

2022-05-25 08:23:49 - [MESSAGE][PASSED] - Call Test Case 'Test Cases/Common/Login - Verify error unregistered email' successfully

2022-05-25 08:23:49 - [MESSAGE][PASSED] - I should see error 'email anda belum terdaftar'

2022-05-25 08:23:49 - [MESSAGE][PASSED] - Feature file: 'Include/features/Login.feature' was passed

2022-05-25 08:23:49 - [TEST_STEP][PASSED] - Start listener action : afterTestCase: Browser is closed

2022-05-25 08:23:49 - [TEST_STEP][PASSED] - closeBrowser(): Browser is closed

2022-05-25 08:23:49 - [MESSAGE][PASSED] - Browser is closed]]></system-out>
         <system-err><![CDATA[]]></system-err>
      </testcase>
      <testcase name="Test Cases/Login/Neg - Login with incorrect password" time="44.307" classname="Test Cases/Login/Neg - Login with incorrect password" status="PASSED">
         <system-out><![CDATA[2022-05-25 08:23:49 - [TEST_CASE][PASSED] - Test Cases/Login/Neg - Login with incorrect password: Test Cases/Login/Neg - Login with incorrect password

2022-05-25 08:23:50 - [TEST_STEP][PASSED] - runFeatureFileWithTags("Include/features/Login.feature", "@Incorrect_password"): Feature file: 'Include/features/Login.feature' was passed

2022-05-25 08:23:50 - [MESSAGE][INFO] - Starting run keyword runFeatureFile: 'Include/features/Login.feature' and extract report to folder: '/Users/meitridelfiza/git/yellowfit-web-automation/Reports/20220525_082229/Test Suite Login/20220525_082229/cucumber_report/1653441830189'...

2022-05-25 08:23:50 - [TEST_CASE][PASSED] - Start Test Case : SCENARIO Login with valid email and incorrect password: SCENARIO Login with valid email and incorrect password

2022-05-25 08:23:50 - [TEST_STEP][PASSED] - I navigate to YellowFit application: I navigate to YellowFit application

2022-05-25 08:23:50 - [TEST_CASE][PASSED] - Test Cases/Common/Home - Load home page: Test Cases/Common/Home - Load home page

2022-05-25 08:23:50 - [TEST_STEP][PASSED] - openBrowser(""): Browser is opened with url: ''

2022-05-25 08:23:50 - [MESSAGE][INFO] - Starting 'Chrome' driver

2022-05-25 08:23:50 - [MESSAGE][INFO] - Action delay is set to 0 milliseconds

2022-05-25 08:23:53 - [MESSAGE][PASSED] - Browser is opened with url: ''

2022-05-25 08:23:53 - [TEST_STEP][PASSED] - navigateToUrl(url): Navigate to 'https://yellowfitkitchen.com/' successfully

2022-05-25 08:24:24 - [MESSAGE][PASSED] - Navigate to 'https://yellowfitkitchen.com/' successfully

2022-05-25 08:24:24 - [MESSAGE][PASSED] - Call Test Case 'Test Cases/Common/Home - Load home page' successfully

2022-05-25 08:24:24 - [MESSAGE][PASSED] - I navigate to YellowFit application

2022-05-25 08:24:24 - [TEST_STEP][PASSED] - I click Account button: I click Account button

2022-05-25 08:24:24 - [TEST_CASE][PASSED] - Test Cases/Common/Home - Click Account: Test Cases/Common/Home - Click Account

2022-05-25 08:24:24 - [TEST_STEP][PASSED] - click(findTestObject("Object Repository/Home/link_account")): Object: 'Object Repository/Home/link_account' is clicked on

2022-05-25 08:24:29 - [MESSAGE][PASSED] - Object: 'Object Repository/Home/link_account' is clicked on

2022-05-25 08:24:29 - [MESSAGE][PASSED] - Call Test Case 'Test Cases/Common/Home - Click Account' successfully

2022-05-25 08:24:29 - [MESSAGE][PASSED] - I click Account button

2022-05-25 08:24:29 - [TEST_STEP][PASSED] - I enter email mdelfiza@gmail.com and password NaRTu7UBtmr+q7eG3gEDOw==: I enter email mdelfiza@gmail.com and password NaRTu7UBtmr+q7eG3gEDOw==

2022-05-25 08:24:29 - [TEST_CASE][PASSED] - Test Cases/Common/Login - Input email: Test Cases/Common/Login - Input email

2022-05-25 08:24:29 - [TEST_STEP][PASSED] - setText(findTestObject("Login/input_email"), email): Text ' mdelfiza@gmail.com' is set on object 'Object Repository/Login/input_email'

2022-05-25 08:24:31 - [MESSAGE][PASSED] - Text ' mdelfiza@gmail.com' is set on object 'Object Repository/Login/input_email'

2022-05-25 08:24:31 - [MESSAGE][PASSED] - Call Test Case 'Test Cases/Common/Login - Input email' successfully

2022-05-25 08:24:31 - [TEST_CASE][PASSED] - Test Cases/Common/Login - Input password: Test Cases/Common/Login - Input password

2022-05-25 08:24:31 - [TEST_STEP][PASSED] - setEncryptedText(findTestObject("Login/input_password"), password): Text ****** has been set on object 'Object Repository/Login/input_password'

2022-05-25 08:24:31 - [MESSAGE][PASSED] - Text ****** has been set on object 'Object Repository/Login/input_password'

2022-05-25 08:24:31 - [MESSAGE][PASSED] - Call Test Case 'Test Cases/Common/Login - Input password' successfully

2022-05-25 08:24:31 - [MESSAGE][PASSED] - I enter email mdelfiza@gmail.com and password NaRTu7UBtmr+q7eG3gEDOw==

2022-05-25 08:24:31 - [TEST_STEP][PASSED] - I click Login button: I click Login button

2022-05-25 08:24:31 - [TEST_CASE][PASSED] - Test Cases/Common/Login - Click Login: Test Cases/Common/Login - Click Login

2022-05-25 08:24:31 - [TEST_STEP][PASSED] - click(findTestObject("Login/btn_login")): Object: 'Object Repository/Login/btn_login' is clicked on

2022-05-25 08:24:32 - [MESSAGE][PASSED] - Object: 'Object Repository/Login/btn_login' is clicked on

2022-05-25 08:24:32 - [MESSAGE][PASSED] - Call Test Case 'Test Cases/Common/Login - Click Login' successfully

2022-05-25 08:24:32 - [MESSAGE][PASSED] - I click Login button

2022-05-25 08:24:32 - [TEST_STEP][PASSED] - I should see error 'password yang anda masukkan salah!': I should see error 'password yang anda masukkan salah!'

2022-05-25 08:24:32 - [TEST_CASE][PASSED] - Test Cases/Common/Login - Verify error incorrect password: Test Cases/Common/Login - Verify error incorrect password

2022-05-25 08:24:32 - [TEST_STEP][PASSED] - customKeyword.verifyErrorMessage("Wrong Password", "password yang anda masukkan salah!"): customKeyword.verifyErrorMessage is PASSED

2022-05-25 08:24:32 - [MESSAGE][WARNING] - Timeout '0' is invalid. Using default page load timeout: '30'

2022-05-25 08:24:33 - [MESSAGE][PASSED] - Object 'Object Repository/Login/mdl_failed' is present

2022-05-25 08:24:33 - [MESSAGE][PASSED] - Text 'Wrong Password' is present on page 

2022-05-25 08:24:34 - [MESSAGE][PASSED] - Text 'password yang anda masukkan salah!' is present on page 

2022-05-25 08:24:34 - [MESSAGE][PASSED] - customKeyword.verifyErrorMessage is PASSED

2022-05-25 08:24:34 - [MESSAGE][PASSED] - Call Test Case 'Test Cases/Common/Login - Verify error incorrect password' successfully

2022-05-25 08:24:34 - [MESSAGE][PASSED] - I should see error 'password yang anda masukkan salah!'

2022-05-25 08:24:34 - [MESSAGE][PASSED] - Feature file: 'Include/features/Login.feature' was passed

2022-05-25 08:24:34 - [TEST_STEP][PASSED] - Start listener action : afterTestCase: Browser is closed

2022-05-25 08:24:34 - [TEST_STEP][PASSED] - closeBrowser(): Browser is closed

2022-05-25 08:24:34 - [MESSAGE][PASSED] - Browser is closed]]></system-out>
         <system-err><![CDATA[]]></system-err>
      </testcase>
      <system-out><![CDATA[2022-05-25 08:22:33 - [TEST_SUITE][PASSED] - Test Suite Login: Test Cases/Login/Neg - Login with incorrect password]]></system-out>
      <system-err><![CDATA[]]></system-err>
   </testsuite>
</testsuites>
