<?xml version="1.0" encoding="UTF-8"?>
<testsuites name="Test Suite Login" time="54.038" tests="2" failures="0" errors="0">
   <testsuite name="Test Suite Login" tests="2" failures="0" errors="0" time="54.038" skipped="0" timestamp="2022-05-25 10:11:30" hostname="meitridelfiza - localhost" id="Test Suites/Test Suite Login">
      <properties>
         <property name="deviceName" value=""/>
         <property name="devicePlatform" value=""/>
         <property name="logFolder" value="/Users/meitridelfiza/git/yellowfit-web-automation/Reports/20220525_101126/Test Suite Login/20220525_101126"/>
         <property name="logFiles" value="/Users/meitridelfiza/git/yellowfit-web-automation/Reports/20220525_101126/Test Suite Login/20220525_101126/execution0.log"/>
         <property name="attachments" value=""/>
         <property name="hostName" value="meitridelfiza - localhost"/>
         <property name="os" value="Mac OS X 64bit"/>
         <property name="katalonVersion" value="8.2.5.208"/>
         <property name="browser" value="Chrome 101.0.4951.64"/>
         <property name="hostAddress" value="127.0.0.1"/>
         <property name="sessionId" value="22d44769a0cc3fcbcdac3a262bb75fa7"/>
         <property name="seleniumVersion" value="3.141.59"/>
         <property name="proxyInformation" value="ProxyInformation { proxyOption=NO_PROXY, proxyServerType=HTTP, username=, password=********, proxyServerAddress=, proxyServerPort=0, executionList=&quot;&quot;, isApplyToDesiredCapabilities=true }"/>
         <property name="platform" value="Mac OS X"/>
      </properties>
      <testcase name="Test Cases/Login/Login with valid credentials" time="35.309" classname="Test Cases/Login/Login with valid credentials" status="PASSED">
         <system-out><![CDATA[2022-05-25 10:11:30 - [TEST_CASE][PASSED] - Test Cases/Login/Login with valid credentials: Test Cases/Login/Login with valid credentials

2022-05-25 10:11:30 - [TEST_STEP][PASSED] - runFeatureFileWithTags("Include/features/Login.feature", "@Valid_credentials"): Feature file: 'Include/features/Login.feature' was passed

2022-05-25 10:11:30 - [MESSAGE][INFO] - Starting run keyword runFeatureFile: 'Include/features/Login.feature' and extract report to folder: '/Users/meitridelfiza/git/yellowfit-web-automation/Reports/20220525_101126/Test Suite Login/20220525_101126/cucumber_report/1653448290858'...

2022-05-25 10:11:31 - [TEST_CASE][PASSED] - Start Test Case : SCENARIO Login with valid credentials: SCENARIO Login with valid credentials

2022-05-25 10:11:31 - [TEST_STEP][PASSED] - I navigate to YellowFit application: I navigate to YellowFit application

2022-05-25 10:11:31 - [TEST_CASE][PASSED] - Test Cases/Common/Home - Load home page: Test Cases/Common/Home - Load home page

2022-05-25 10:11:31 - [TEST_STEP][PASSED] - openBrowser(""): Browser is opened with url: ''

2022-05-25 10:11:32 - [MESSAGE][INFO] - Starting 'Chrome' driver

2022-05-25 10:11:32 - [MESSAGE][INFO] - Action delay is set to 0 milliseconds

2022-05-25 10:11:37 - [MESSAGE][PASSED] - Browser is opened with url: ''

2022-05-25 10:11:37 - [TEST_STEP][PASSED] - navigateToUrl(url): Navigate to 'https://yellowfitkitchen.com/' successfully

2022-05-25 10:11:52 - [MESSAGE][PASSED] - Navigate to 'https://yellowfitkitchen.com/' successfully

2022-05-25 10:11:52 - [MESSAGE][PASSED] - Call Test Case 'Test Cases/Common/Home - Load home page' successfully

2022-05-25 10:11:52 - [MESSAGE][PASSED] - I navigate to YellowFit application

2022-05-25 10:11:52 - [TEST_STEP][PASSED] - I click Account button: I click Account button

2022-05-25 10:11:52 - [TEST_CASE][PASSED] - Test Cases/Common/Home - Click Account: Test Cases/Common/Home - Click Account

2022-05-25 10:11:52 - [TEST_STEP][PASSED] - click(findTestObject("Object Repository/Home/link_account")): Object: 'Object Repository/Home/link_account' is clicked on

2022-05-25 10:11:58 - [MESSAGE][PASSED] - Object: 'Object Repository/Home/link_account' is clicked on

2022-05-25 10:11:58 - [MESSAGE][PASSED] - Call Test Case 'Test Cases/Common/Home - Click Account' successfully

2022-05-25 10:11:58 - [MESSAGE][PASSED] - I click Account button

2022-05-25 10:11:58 - [TEST_STEP][PASSED] - I enter email mdelfiza@gmail.com and password pGIjovFIKpdMBmQKKTji5A==: I enter email mdelfiza@gmail.com and password pGIjovFIKpdMBmQKKTji5A==

2022-05-25 10:11:58 - [TEST_CASE][PASSED] - Test Cases/Common/Login - Input email: Test Cases/Common/Login - Input email

2022-05-25 10:11:58 - [TEST_STEP][PASSED] - setText(findTestObject("Login/input_email"), email): Text ' mdelfiza@gmail.com' is set on object 'Object Repository/Login/input_email'

2022-05-25 10:12:00 - [MESSAGE][PASSED] - Text ' mdelfiza@gmail.com' is set on object 'Object Repository/Login/input_email'

2022-05-25 10:12:00 - [MESSAGE][PASSED] - Call Test Case 'Test Cases/Common/Login - Input email' successfully

2022-05-25 10:12:00 - [TEST_CASE][PASSED] - Test Cases/Common/Login - Input password: Test Cases/Common/Login - Input password

2022-05-25 10:12:00 - [TEST_STEP][PASSED] - setEncryptedText(findTestObject("Login/input_password"), password): Text ****** has been set on object 'Object Repository/Login/input_password'

2022-05-25 10:12:00 - [MESSAGE][PASSED] - Text ****** has been set on object 'Object Repository/Login/input_password'

2022-05-25 10:12:00 - [MESSAGE][PASSED] - Call Test Case 'Test Cases/Common/Login - Input password' successfully

2022-05-25 10:12:00 - [MESSAGE][PASSED] - I enter email mdelfiza@gmail.com and password pGIjovFIKpdMBmQKKTji5A==

2022-05-25 10:12:00 - [TEST_STEP][PASSED] - I click Login button: I click Login button

2022-05-25 10:12:01 - [TEST_CASE][PASSED] - Test Cases/Common/Login - Click Login: Test Cases/Common/Login - Click Login

2022-05-25 10:12:01 - [TEST_STEP][PASSED] - click(findTestObject("Login/btn_login")): Object: 'Object Repository/Login/btn_login' is clicked on

2022-05-25 10:12:01 - [MESSAGE][PASSED] - Object: 'Object Repository/Login/btn_login' is clicked on

2022-05-25 10:12:01 - [TEST_STEP][PASSED] - waitForPageLoad(30): Wait for page load successfully

2022-05-25 10:12:03 - [MESSAGE][PASSED] - Wait for page load successfully

2022-05-25 10:12:03 - [MESSAGE][PASSED] - Call Test Case 'Test Cases/Common/Login - Click Login' successfully

2022-05-25 10:12:03 - [MESSAGE][PASSED] - I click Login button

2022-05-25 10:12:03 - [TEST_STEP][PASSED] - I should be able to login successfully: I should be able to login successfully

2022-05-25 10:12:04 - [TEST_CASE][PASSED] - Test Cases/Common/My Account - My Account page is loaded successfully: Test Cases/Common/My Account - My Account page is loaded successfully

2022-05-25 10:12:04 - [TEST_STEP][PASSED] - verifyMatch(getUrl(), url + "myaccount", false): Actual text 'https://yellowfitkitchen.com/myaccount' and expected text 'https://yellowfitkitchen.com/myaccount' are matched 

2022-05-25 10:12:04 - [MESSAGE][PASSED] - Current window's url is: 'https://yellowfitkitchen.com/myaccount'

2022-05-25 10:12:04 - [MESSAGE][PASSED] - Actual text 'https://yellowfitkitchen.com/myaccount' and expected text 'https://yellowfitkitchen.com/myaccount' are matched 

2022-05-25 10:12:04 - [TEST_STEP][PASSED] - verifyTextPresent("My Account", false): Text 'My Account' is present on page 

2022-05-25 10:12:05 - [MESSAGE][PASSED] - Text 'My Account' is present on page 

2022-05-25 10:12:05 - [MESSAGE][PASSED] - Call Test Case 'Test Cases/Common/My Account - My Account page is loaded successfully' successfully

2022-05-25 10:12:05 - [MESSAGE][PASSED] - I should be able to login successfully

2022-05-25 10:12:05 - [MESSAGE][PASSED] - Feature file: 'Include/features/Login.feature' was passed

2022-05-25 10:12:05 - [TEST_STEP][PASSED] - Start listener action : afterTestCase: Browser is closed

2022-05-25 10:12:05 - [TEST_STEP][PASSED] - closeBrowser(): Browser is closed

2022-05-25 10:12:05 - [MESSAGE][PASSED] - Browser is closed]]></system-out>
         <system-err><![CDATA[]]></system-err>
      </testcase>
      <testcase name="Test Cases/Login/Neg - Login with unregistered email" time="18.315" classname="Test Cases/Login/Neg - Login with unregistered email" status="PASSED">
         <system-out><![CDATA[2022-05-25 10:12:05 - [TEST_CASE][PASSED] - Test Cases/Login/Neg - Login with unregistered email: Test Cases/Login/Neg - Login with unregistered email

2022-05-25 10:12:05 - [TEST_STEP][PASSED] - runFeatureFileWithTags("Include/features/Login.feature", "@Unregistered_email"): Feature file: 'Include/features/Login.feature' was passed

2022-05-25 10:12:05 - [MESSAGE][INFO] - Starting run keyword runFeatureFile: 'Include/features/Login.feature' and extract report to folder: '/Users/meitridelfiza/git/yellowfit-web-automation/Reports/20220525_101126/Test Suite Login/20220525_101126/cucumber_report/1653448325983'...

2022-05-25 10:12:06 - [TEST_CASE][PASSED] - Start Test Case : SCENARIO Login with unregistered email: SCENARIO Login with unregistered email

2022-05-25 10:12:06 - [TEST_STEP][PASSED] - I navigate to YellowFit application: I navigate to YellowFit application

2022-05-25 10:12:06 - [TEST_CASE][PASSED] - Test Cases/Common/Home - Load home page: Test Cases/Common/Home - Load home page

2022-05-25 10:12:06 - [TEST_STEP][PASSED] - openBrowser(""): Browser is opened with url: ''

2022-05-25 10:12:06 - [MESSAGE][INFO] - Starting 'Chrome' driver

2022-05-25 10:12:06 - [MESSAGE][INFO] - Action delay is set to 0 milliseconds

2022-05-25 10:12:09 - [MESSAGE][PASSED] - Browser is opened with url: ''

2022-05-25 10:12:09 - [TEST_STEP][PASSED] - navigateToUrl(url): Navigate to 'https://yellowfitkitchen.com/' successfully

2022-05-25 10:12:16 - [MESSAGE][PASSED] - Navigate to 'https://yellowfitkitchen.com/' successfully

2022-05-25 10:12:16 - [MESSAGE][PASSED] - Call Test Case 'Test Cases/Common/Home - Load home page' successfully

2022-05-25 10:12:16 - [MESSAGE][PASSED] - I navigate to YellowFit application

2022-05-25 10:12:16 - [TEST_STEP][PASSED] - I click Account button: I click Account button

2022-05-25 10:12:16 - [TEST_CASE][PASSED] - Test Cases/Common/Home - Click Account: Test Cases/Common/Home - Click Account

2022-05-25 10:12:16 - [TEST_STEP][PASSED] - click(findTestObject("Object Repository/Home/link_account")): Object: 'Object Repository/Home/link_account' is clicked on

2022-05-25 10:12:19 - [MESSAGE][PASSED] - Object: 'Object Repository/Home/link_account' is clicked on

2022-05-25 10:12:19 - [MESSAGE][PASSED] - Call Test Case 'Test Cases/Common/Home - Click Account' successfully

2022-05-25 10:12:19 - [MESSAGE][PASSED] - I click Account button

2022-05-25 10:12:19 - [TEST_STEP][PASSED] - I enter email meitri.delfiza@icehousecorp.com and password pGIjovFIKpdMBmQKKTji5A==: I enter email meitri.delfiza@icehousecorp.com and password pGIjovFIKpdMBmQKKTji5A==

2022-05-25 10:12:19 - [TEST_CASE][PASSED] - Test Cases/Common/Login - Input email: Test Cases/Common/Login - Input email

2022-05-25 10:12:19 - [TEST_STEP][PASSED] - setText(findTestObject("Login/input_email"), email): Text ' meitri.delfiza@icehousecorp.com' is set on object 'Object Repository/Login/input_email'

2022-05-25 10:12:21 - [MESSAGE][PASSED] - Text ' meitri.delfiza@icehousecorp.com' is set on object 'Object Repository/Login/input_email'

2022-05-25 10:12:21 - [MESSAGE][PASSED] - Call Test Case 'Test Cases/Common/Login - Input email' successfully

2022-05-25 10:12:21 - [TEST_CASE][PASSED] - Test Cases/Common/Login - Input password: Test Cases/Common/Login - Input password

2022-05-25 10:12:21 - [TEST_STEP][PASSED] - setEncryptedText(findTestObject("Login/input_password"), password): Text ****** has been set on object 'Object Repository/Login/input_password'

2022-05-25 10:12:21 - [MESSAGE][PASSED] - Text ****** has been set on object 'Object Repository/Login/input_password'

2022-05-25 10:12:21 - [MESSAGE][PASSED] - Call Test Case 'Test Cases/Common/Login - Input password' successfully

2022-05-25 10:12:21 - [MESSAGE][PASSED] - I enter email meitri.delfiza@icehousecorp.com and password pGIjovFIKpdMBmQKKTji5A==

2022-05-25 10:12:21 - [TEST_STEP][PASSED] - I click Login button: I click Login button

2022-05-25 10:12:21 - [TEST_CASE][PASSED] - Test Cases/Common/Login - Click Login: Test Cases/Common/Login - Click Login

2022-05-25 10:12:21 - [TEST_STEP][PASSED] - click(findTestObject("Login/btn_login")): Object: 'Object Repository/Login/btn_login' is clicked on

2022-05-25 10:12:22 - [MESSAGE][PASSED] - Object: 'Object Repository/Login/btn_login' is clicked on

2022-05-25 10:12:22 - [TEST_STEP][PASSED] - waitForPageLoad(30): Wait for page load successfully

2022-05-25 10:12:22 - [MESSAGE][PASSED] - Wait for page load successfully

2022-05-25 10:12:22 - [MESSAGE][PASSED] - Call Test Case 'Test Cases/Common/Login - Click Login' successfully

2022-05-25 10:12:22 - [MESSAGE][PASSED] - I click Login button

2022-05-25 10:12:22 - [TEST_STEP][PASSED] - I should see error 'email anda belum terdaftar': I should see error 'email anda belum terdaftar'

2022-05-25 10:12:22 - [TEST_CASE][PASSED] - Test Cases/Common/Login - Verify error unregistered email: Test Cases/Common/Login - Verify error unregistered email

2022-05-25 10:12:22 - [TEST_STEP][PASSED] - customKeyword.verifyErrorMessage("Unknown", "email anda belum terdaftar, silakan lakukan registrasi!"): customKeyword.verifyErrorMessage is PASSED

2022-05-25 10:12:22 - [MESSAGE][WARNING] - Timeout '0' is invalid. Using default page load timeout: '30'

2022-05-25 10:12:22 - [MESSAGE][PASSED] - Object 'Object Repository/Login/mdl_failed' is present

2022-05-25 10:12:23 - [MESSAGE][PASSED] - Text 'Unknown' is present on page 

2022-05-25 10:12:23 - [MESSAGE][PASSED] - Text 'email anda belum terdaftar, silakan lakukan registrasi!' is present on page 

2022-05-25 10:12:23 - [MESSAGE][PASSED] - customKeyword.verifyErrorMessage is PASSED

2022-05-25 10:12:23 - [MESSAGE][PASSED] - Call Test Case 'Test Cases/Common/Login - Verify error unregistered email' successfully

2022-05-25 10:12:23 - [MESSAGE][PASSED] - I should see error 'email anda belum terdaftar'

2022-05-25 10:12:23 - [MESSAGE][PASSED] - Feature file: 'Include/features/Login.feature' was passed

2022-05-25 10:12:23 - [TEST_STEP][PASSED] - Start listener action : afterTestCase: Browser is closed

2022-05-25 10:12:23 - [TEST_STEP][PASSED] - closeBrowser(): Browser is closed

2022-05-25 10:12:24 - [MESSAGE][PASSED] - Browser is closed]]></system-out>
         <system-err><![CDATA[]]></system-err>
      </testcase>
      <system-out><![CDATA[2022-05-25 10:11:30 - [TEST_SUITE][PASSED] - Test Suite Login: Test Cases/Login/Neg - Login with unregistered email]]></system-out>
      <system-err><![CDATA[]]></system-err>
   </testsuite>
</testsuites>
