<?xml version="1.0" encoding="UTF-8"?>
<testsuites name="Test Suite Register" time="218.265" tests="9" failures="0" errors="0">
   <testsuite name="Test Suite Register" tests="9" failures="0" errors="0" time="218.265" skipped="0" timestamp="2022-05-24 23:49:06" hostname="meitridelfiza - localhost" id="Test Suites/Test Suite Register">
      <properties>
         <property name="deviceName" value=""/>
         <property name="devicePlatform" value=""/>
         <property name="logFolder" value="/Users/meitridelfiza/git/yellowfit-web-automation/Reports/20220524_234901/Test Suite Register/20220524_234901"/>
         <property name="logFiles" value="/Users/meitridelfiza/git/yellowfit-web-automation/Reports/20220524_234901/Test Suite Register/20220524_234901/execution0.log"/>
         <property name="attachments" value=""/>
         <property name="hostName" value="meitridelfiza - localhost"/>
         <property name="os" value="Mac OS X 64bit"/>
         <property name="katalonVersion" value="8.2.5.208"/>
         <property name="browser" value="Chrome 101.0.4951.64"/>
         <property name="hostAddress" value="127.0.0.1"/>
         <property name="sessionId" value="0b1b9a6d0c6306ee172ee4dcea499fff"/>
         <property name="seleniumVersion" value="3.141.59"/>
         <property name="proxyInformation" value="ProxyInformation { proxyOption=NO_PROXY, proxyServerType=HTTP, username=, password=********, proxyServerAddress=, proxyServerPort=0, executionList=&quot;&quot;, isApplyToDesiredCapabilities=true }"/>
         <property name="platform" value="Mac OS X"/>
      </properties>
      <testcase name="Test Cases/Register/Register with valid data" time="33.214" classname="Test Cases/Register/Register with valid data" status="PASSED">
         <system-out><![CDATA[2022-05-24 23:49:06 - [TEST_CASE][PASSED] - Test Cases/Register/Register with valid data: Test Cases/Register/Register with valid data

2022-05-24 23:49:06 - [TEST_STEP][PASSED] - runFeatureFileWithTags("Include/features/Register.feature", "@Valid_data"): Feature file: 'Include/features/Register.feature' was passed

2022-05-24 23:49:06 - [MESSAGE][INFO] - Starting run keyword runFeatureFile: 'Include/features/Register.feature' and extract report to folder: '/Users/meitridelfiza/git/yellowfit-web-automation/Reports/20220524_234901/Test Suite Register/20220524_234901/cucumber_report/1653410946705'...

2022-05-24 23:49:07 - [TEST_CASE][PASSED] - Start Test Case : SCENARIO Register with valid data: SCENARIO Register with valid data

2022-05-24 23:49:07 - [TEST_STEP][PASSED] - I navigate to YellowFit application: I navigate to YellowFit application

2022-05-24 23:49:07 - [TEST_CASE][PASSED] - Test Cases/Common/Home - Load home page: Test Cases/Common/Home - Load home page

2022-05-24 23:49:07 - [TEST_STEP][PASSED] - openBrowser(""): Browser is opened with url: ''

2022-05-24 23:49:07 - [MESSAGE][INFO] - Starting 'Chrome' driver

2022-05-24 23:49:07 - [MESSAGE][INFO] - Action delay is set to 0 milliseconds

2022-05-24 23:49:14 - [MESSAGE][PASSED] - Browser is opened with url: ''

2022-05-24 23:49:14 - [TEST_STEP][PASSED] - navigateToUrl(url): Navigate to 'https://yellowfitkitchen.com/' successfully

2022-05-24 23:49:19 - [MESSAGE][PASSED] - Navigate to 'https://yellowfitkitchen.com/' successfully

2022-05-24 23:49:19 - [MESSAGE][PASSED] - Call Test Case 'Test Cases/Common/Home - Load home page' successfully

2022-05-24 23:49:19 - [MESSAGE][PASSED] - I navigate to YellowFit application

2022-05-24 23:49:19 - [TEST_STEP][PASSED] - I click Account button: I click Account button

2022-05-24 23:49:19 - [TEST_CASE][PASSED] - Test Cases/Common/Home - Click Account: Test Cases/Common/Home - Click Account

2022-05-24 23:49:19 - [TEST_STEP][PASSED] - click(findTestObject("Object Repository/Home/link_account")): Object: 'Object Repository/Home/link_account' is clicked on

2022-05-24 23:49:23 - [MESSAGE][PASSED] - Object: 'Object Repository/Home/link_account' is clicked on

2022-05-24 23:49:23 - [MESSAGE][PASSED] - Call Test Case 'Test Cases/Common/Home - Click Account' successfully

2022-05-24 23:49:23 - [MESSAGE][PASSED] - I click Account button

2022-05-24 23:49:23 - [TEST_STEP][PASSED] - I click Create Account button: I click Create Account button

2022-05-24 23:49:23 - [TEST_CASE][PASSED] - Test Cases/Common/Login - Click Create Account: Test Cases/Common/Login - Click Create Account

2022-05-24 23:49:23 - [TEST_STEP][PASSED] - click(findTestObject("Object Repository/Login/btn_create_account")): Object: 'Object Repository/Login/btn_create_account' is clicked on

2022-05-24 23:49:26 - [MESSAGE][PASSED] - Object: 'Object Repository/Login/btn_create_account' is clicked on

2022-05-24 23:49:26 - [MESSAGE][PASSED] - Call Test Case 'Test Cases/Common/Login - Click Create Account' successfully

2022-05-24 23:49:26 - [MESSAGE][PASSED] - I click Create Account button

2022-05-24 23:49:26 - [TEST_STEP][PASSED] - I input firstname Hazel, lastname Grace, date 10, month 10, year 2000, phone 08112233440011, email delf_test4@gmail.com, and password HwXnxaZD17M=: I input firstname Hazel, lastname Grace, date 10, month 10, year 2000, phone 08112233440011, email delf_test4@gmail.com, and password HwXnxaZD17M=

2022-05-24 23:49:26 - [TEST_CASE][PASSED] - Test Cases/Common/Register - Fill registration form: Test Cases/Common/Register - Fill registration form

2022-05-24 23:49:26 - [TEST_STEP][PASSED] - setText(findTestObject("Object Repository/Register/input_first_name"), firstname): Text 'Hazel' is set on object 'Object Repository/Register/input_first_name'

2022-05-24 23:49:28 - [MESSAGE][PASSED] - Text 'Hazel' is set on object 'Object Repository/Register/input_first_name'

2022-05-24 23:49:28 - [TEST_STEP][PASSED] - setText(findTestObject("Object Repository/Register/input_last_name"), lastname): Text 'Grace' is set on object 'Object Repository/Register/input_last_name'

2022-05-24 23:49:28 - [MESSAGE][PASSED] - Text 'Grace' is set on object 'Object Repository/Register/input_last_name'

2022-05-24 23:49:28 - [TEST_STEP][PASSED] - selectOptionByValue(findTestObject("Object Repository/Register/dd_day"), date, true): All options with value '10' are selected in object 'Object Repository/Register/dd_day'  using regular expression

2022-05-24 23:49:30 - [MESSAGE][PASSED] - All options with value '10' are selected in object 'Object Repository/Register/dd_day'  using regular expression

2022-05-24 23:49:30 - [TEST_STEP][PASSED] - selectOptionByValue(findTestObject("Object Repository/Register/dd_month"), month, true): All options with value '10' are selected in object 'Object Repository/Register/dd_month'  using regular expression

2022-05-24 23:49:31 - [MESSAGE][PASSED] - All options with value '10' are selected in object 'Object Repository/Register/dd_month'  using regular expression

2022-05-24 23:49:31 - [TEST_STEP][PASSED] - selectOptionByValue(findTestObject("Object Repository/Register/dd_year"), year, true): All options with value '2000' are selected in object 'Object Repository/Register/dd_year'  using regular expression

2022-05-24 23:49:33 - [MESSAGE][PASSED] - All options with value '2000' are selected in object 'Object Repository/Register/dd_year'  using regular expression

2022-05-24 23:49:33 - [TEST_STEP][PASSED] - setText(findTestObject("Object Repository/Register/input_phone_whatsapp"), phone): Text '08112233440011' is set on object 'Object Repository/Register/input_phone_whatsapp'

2022-05-24 23:49:35 - [MESSAGE][PASSED] - Text '08112233440011' is set on object 'Object Repository/Register/input_phone_whatsapp'

2022-05-24 23:49:35 - [TEST_STEP][PASSED] - setText(findTestObject("Object Repository/Register/input_email"), email): Text 'delf_test4@gmail.com' is set on object 'Object Repository/Register/input_email'

2022-05-24 23:49:35 - [MESSAGE][PASSED] - Text 'delf_test4@gmail.com' is set on object 'Object Repository/Register/input_email'

2022-05-24 23:49:35 - [TEST_STEP][PASSED] - setEncryptedText(findTestObject("Object Repository/Register/input_password"), password): Text ****** has been set on object 'Object Repository/Register/input_password'

2022-05-24 23:49:36 - [MESSAGE][PASSED] - Text ****** has been set on object 'Object Repository/Register/input_password'

2022-05-24 23:49:36 - [MESSAGE][PASSED] - Call Test Case 'Test Cases/Common/Register - Fill registration form' successfully

2022-05-24 23:49:36 - [MESSAGE][PASSED] - I input firstname Hazel, lastname Grace, date 10, month 10, year 2000, phone 08112233440011, email delf_test4@gmail.com, and password HwXnxaZD17M=

2022-05-24 23:49:36 - [TEST_STEP][PASSED] - I click Register button: I click Register button

2022-05-24 23:49:36 - [TEST_CASE][PASSED] - Test Cases/Common/Register - Click Register: Test Cases/Common/Register - Click Register

2022-05-24 23:49:36 - [TEST_STEP][PASSED] - click(findTestObject("Register/btn_register")): Object: 'Object Repository/Register/btn_register' is clicked on

2022-05-24 23:49:36 - [MESSAGE][PASSED] - Object: 'Object Repository/Register/btn_register' is clicked on

2022-05-24 23:49:36 - [MESSAGE][PASSED] - Call Test Case 'Test Cases/Common/Register - Click Register' successfully

2022-05-24 23:49:36 - [MESSAGE][PASSED] - I click Register button

2022-05-24 23:49:36 - [TEST_STEP][PASSED] - I should be redirected to Login page: I should be redirected to Login page

2022-05-24 23:49:37 - [TEST_CASE][PASSED] - Test Cases/Common/Login - Login page is loaded successfully: Test Cases/Common/Login - Login page is loaded successfully

2022-05-24 23:49:37 - [TEST_STEP][PASSED] - verifyMatch(getUrl(), url + "login", false): Actual text 'https://yellowfitkitchen.com/login' and expected text 'https://yellowfitkitchen.com/login' are matched 

2022-05-24 23:49:39 - [MESSAGE][PASSED] - Current window's url is: 'https://yellowfitkitchen.com/login'

2022-05-24 23:49:39 - [MESSAGE][PASSED] - Actual text 'https://yellowfitkitchen.com/login' and expected text 'https://yellowfitkitchen.com/login' are matched 

2022-05-24 23:49:39 - [TEST_STEP][PASSED] - verifyTextPresent("USER LOGIN", false): Text 'USER LOGIN' is present on page 

2022-05-24 23:49:39 - [MESSAGE][PASSED] - Text 'USER LOGIN' is present on page 

2022-05-24 23:49:39 - [MESSAGE][PASSED] - Call Test Case 'Test Cases/Common/Login - Login page is loaded successfully' successfully

2022-05-24 23:49:39 - [MESSAGE][PASSED] - I should be redirected to Login page

2022-05-24 23:49:39 - [MESSAGE][PASSED] - Feature file: 'Include/features/Register.feature' was passed

2022-05-24 23:49:39 - [TEST_STEP][PASSED] - Start listener action : afterTestCase: Browser is closed

2022-05-24 23:49:39 - [TEST_STEP][PASSED] - closeBrowser(): Browser is closed

2022-05-24 23:49:39 - [MESSAGE][PASSED] - Browser is closed]]></system-out>
         <system-err><![CDATA[]]></system-err>
      </testcase>
      <testcase name="Test Cases/Register/Neg - Register with empty firstname" time="23.969" classname="Test Cases/Register/Neg - Register with empty firstname" status="PASSED">
         <system-out><![CDATA[2022-05-24 23:49:39 - [TEST_CASE][PASSED] - Test Cases/Register/Neg - Register with empty firstname: Test Cases/Register/Neg - Register with empty firstname

2022-05-24 23:49:39 - [TEST_STEP][PASSED] - runFeatureFileWithTags("Include/features/Register.feature", "@Empty_firstname"): Feature file: 'Include/features/Register.feature' was passed

2022-05-24 23:49:39 - [MESSAGE][INFO] - Starting run keyword runFeatureFile: 'Include/features/Register.feature' and extract report to folder: '/Users/meitridelfiza/git/yellowfit-web-automation/Reports/20220524_234901/Test Suite Register/20220524_234901/cucumber_report/1653410979830'...

2022-05-24 23:49:39 - [TEST_CASE][PASSED] - Start Test Case : SCENARIO Register with empty firstname: SCENARIO Register with empty firstname

2022-05-24 23:49:40 - [TEST_STEP][PASSED] - I navigate to YellowFit application: I navigate to YellowFit application

2022-05-24 23:49:40 - [TEST_CASE][PASSED] - Test Cases/Common/Home - Load home page: Test Cases/Common/Home - Load home page

2022-05-24 23:49:40 - [TEST_STEP][PASSED] - openBrowser(""): Browser is opened with url: ''

2022-05-24 23:49:40 - [MESSAGE][INFO] - Starting 'Chrome' driver

2022-05-24 23:49:40 - [MESSAGE][INFO] - Action delay is set to 0 milliseconds

2022-05-24 23:49:43 - [MESSAGE][PASSED] - Browser is opened with url: ''

2022-05-24 23:49:43 - [TEST_STEP][PASSED] - navigateToUrl(url): Navigate to 'https://yellowfitkitchen.com/' successfully

2022-05-24 23:49:46 - [MESSAGE][PASSED] - Navigate to 'https://yellowfitkitchen.com/' successfully

2022-05-24 23:49:46 - [MESSAGE][PASSED] - Call Test Case 'Test Cases/Common/Home - Load home page' successfully

2022-05-24 23:49:46 - [MESSAGE][PASSED] - I navigate to YellowFit application

2022-05-24 23:49:46 - [TEST_STEP][PASSED] - I click Account button: I click Account button

2022-05-24 23:49:46 - [TEST_CASE][PASSED] - Test Cases/Common/Home - Click Account: Test Cases/Common/Home - Click Account

2022-05-24 23:49:46 - [TEST_STEP][PASSED] - click(findTestObject("Object Repository/Home/link_account")): Object: 'Object Repository/Home/link_account' is clicked on

2022-05-24 23:49:50 - [MESSAGE][PASSED] - Object: 'Object Repository/Home/link_account' is clicked on

2022-05-24 23:49:50 - [MESSAGE][PASSED] - Call Test Case 'Test Cases/Common/Home - Click Account' successfully

2022-05-24 23:49:50 - [MESSAGE][PASSED] - I click Account button

2022-05-24 23:49:50 - [TEST_STEP][PASSED] - I click Create Account button: I click Create Account button

2022-05-24 23:49:50 - [TEST_CASE][PASSED] - Test Cases/Common/Login - Click Create Account: Test Cases/Common/Login - Click Create Account

2022-05-24 23:49:50 - [TEST_STEP][PASSED] - click(findTestObject("Object Repository/Login/btn_create_account")): Object: 'Object Repository/Login/btn_create_account' is clicked on

2022-05-24 23:49:53 - [MESSAGE][PASSED] - Object: 'Object Repository/Login/btn_create_account' is clicked on

2022-05-24 23:49:53 - [MESSAGE][PASSED] - Call Test Case 'Test Cases/Common/Login - Click Create Account' successfully

2022-05-24 23:49:53 - [MESSAGE][PASSED] - I click Create Account button

2022-05-24 23:49:53 - [TEST_STEP][PASSED] - I input firstname , lastname Grace, date 10, month 10, year 2000, phone 08112233440011, email delf_test2@gmail.com, and password HwXnxaZD17M=: I input firstname , lastname Grace, date 10, month 10, year 2000, phone 08112233440011, email delf_test2@gmail.com, and password HwXnxaZD17M=

2022-05-24 23:49:53 - [TEST_CASE][PASSED] - Test Cases/Common/Register - Fill registration form: Test Cases/Common/Register - Fill registration form

2022-05-24 23:49:53 - [TEST_STEP][PASSED] - setText(findTestObject("Object Repository/Register/input_first_name"), firstname): Text '' is set on object 'Object Repository/Register/input_first_name'

2022-05-24 23:49:53 - [MESSAGE][PASSED] - Text '' is set on object 'Object Repository/Register/input_first_name'

2022-05-24 23:49:53 - [TEST_STEP][PASSED] - setText(findTestObject("Object Repository/Register/input_last_name"), lastname): Text 'Grace' is set on object 'Object Repository/Register/input_last_name'

2022-05-24 23:49:55 - [MESSAGE][PASSED] - Text 'Grace' is set on object 'Object Repository/Register/input_last_name'

2022-05-24 23:49:55 - [TEST_STEP][PASSED] - selectOptionByValue(findTestObject("Object Repository/Register/dd_day"), date, true): All options with value '10' are selected in object 'Object Repository/Register/dd_day'  using regular expression

2022-05-24 23:49:56 - [MESSAGE][PASSED] - All options with value '10' are selected in object 'Object Repository/Register/dd_day'  using regular expression

2022-05-24 23:49:56 - [TEST_STEP][PASSED] - selectOptionByValue(findTestObject("Object Repository/Register/dd_month"), month, true): All options with value '10' are selected in object 'Object Repository/Register/dd_month'  using regular expression

2022-05-24 23:49:57 - [MESSAGE][PASSED] - All options with value '10' are selected in object 'Object Repository/Register/dd_month'  using regular expression

2022-05-24 23:49:57 - [TEST_STEP][PASSED] - selectOptionByValue(findTestObject("Object Repository/Register/dd_year"), year, true): All options with value '2000' are selected in object 'Object Repository/Register/dd_year'  using regular expression

2022-05-24 23:49:59 - [MESSAGE][PASSED] - All options with value '2000' are selected in object 'Object Repository/Register/dd_year'  using regular expression

2022-05-24 23:49:59 - [TEST_STEP][PASSED] - setText(findTestObject("Object Repository/Register/input_phone_whatsapp"), phone): Text '08112233440011' is set on object 'Object Repository/Register/input_phone_whatsapp'

2022-05-24 23:50:00 - [MESSAGE][PASSED] - Text '08112233440011' is set on object 'Object Repository/Register/input_phone_whatsapp'

2022-05-24 23:50:00 - [TEST_STEP][PASSED] - setText(findTestObject("Object Repository/Register/input_email"), email): Text 'delf_test2@gmail.com' is set on object 'Object Repository/Register/input_email'

2022-05-24 23:50:01 - [MESSAGE][PASSED] - Text 'delf_test2@gmail.com' is set on object 'Object Repository/Register/input_email'

2022-05-24 23:50:01 - [TEST_STEP][PASSED] - setEncryptedText(findTestObject("Object Repository/Register/input_password"), password): Text ****** has been set on object 'Object Repository/Register/input_password'

2022-05-24 23:50:01 - [MESSAGE][PASSED] - Text ****** has been set on object 'Object Repository/Register/input_password'

2022-05-24 23:50:01 - [MESSAGE][PASSED] - Call Test Case 'Test Cases/Common/Register - Fill registration form' successfully

2022-05-24 23:50:01 - [MESSAGE][PASSED] - I input firstname , lastname Grace, date 10, month 10, year 2000, phone 08112233440011, email delf_test2@gmail.com, and password HwXnxaZD17M=

2022-05-24 23:50:01 - [TEST_STEP][PASSED] - I click Register button: I click Register button

2022-05-24 23:50:01 - [TEST_CASE][PASSED] - Test Cases/Common/Register - Click Register: Test Cases/Common/Register - Click Register

2022-05-24 23:50:01 - [TEST_STEP][PASSED] - click(findTestObject("Register/btn_register")): Object: 'Object Repository/Register/btn_register' is clicked on

2022-05-24 23:50:02 - [MESSAGE][PASSED] - Object: 'Object Repository/Register/btn_register' is clicked on

2022-05-24 23:50:02 - [MESSAGE][PASSED] - Call Test Case 'Test Cases/Common/Register - Click Register' successfully

2022-05-24 23:50:02 - [MESSAGE][PASSED] - I click Register button

2022-05-24 23:50:02 - [TEST_STEP][PASSED] - I should see error 'First Name tidak boleh kosong!': I should see error 'First Name tidak boleh kosong!'

2022-05-24 23:50:02 - [TEST_CASE][PASSED] - Test Cases/Common/Register - Verify error empty firstname: Test Cases/Common/Register - Verify error empty firstname

2022-05-24 23:50:02 - [TEST_STEP][PASSED] - customKeyword.verifyErrorMessage("Failed", "First Name tidak boleh kosong!"): customKeyword.verifyErrorMessage is PASSED

2022-05-24 23:50:02 - [MESSAGE][WARNING] - Timeout '0' is invalid. Using default page load timeout: '30'

2022-05-24 23:50:02 - [MESSAGE][PASSED] - Object 'Object Repository/Login/mdl_failed' is present

2022-05-24 23:50:03 - [MESSAGE][PASSED] - Text 'Failed' is present on page 

2022-05-24 23:50:03 - [MESSAGE][PASSED] - Text 'First Name tidak boleh kosong!' is present on page 

2022-05-24 23:50:03 - [MESSAGE][PASSED] - customKeyword.verifyErrorMessage is PASSED

2022-05-24 23:50:03 - [MESSAGE][PASSED] - Call Test Case 'Test Cases/Common/Register - Verify error empty firstname' successfully

2022-05-24 23:50:03 - [MESSAGE][PASSED] - I should see error 'First Name tidak boleh kosong!'

2022-05-24 23:50:03 - [MESSAGE][PASSED] - Feature file: 'Include/features/Register.feature' was passed

2022-05-24 23:50:03 - [TEST_STEP][PASSED] - Start listener action : afterTestCase: Browser is closed

2022-05-24 23:50:03 - [TEST_STEP][PASSED] - closeBrowser(): Browser is closed

2022-05-24 23:50:03 - [MESSAGE][PASSED] - Browser is closed]]></system-out>
         <system-err><![CDATA[]]></system-err>
      </testcase>
      <testcase name="Test Cases/Register/Neg - Register with empty lastname" time="23.2" classname="Test Cases/Register/Neg - Register with empty lastname" status="PASSED">
         <system-out><![CDATA[2022-05-24 23:50:03 - [TEST_CASE][PASSED] - Test Cases/Register/Neg - Register with empty lastname: Test Cases/Register/Neg - Register with empty lastname

2022-05-24 23:50:03 - [TEST_STEP][PASSED] - runFeatureFileWithTags("Include/features/Register.feature", "@Empty_lastname"): Feature file: 'Include/features/Register.feature' was passed

2022-05-24 23:50:03 - [MESSAGE][INFO] - Starting run keyword runFeatureFile: 'Include/features/Register.feature' and extract report to folder: '/Users/meitridelfiza/git/yellowfit-web-automation/Reports/20220524_234901/Test Suite Register/20220524_234901/cucumber_report/1653411003828'...

2022-05-24 23:50:03 - [TEST_CASE][PASSED] - Start Test Case : SCENARIO Register with empty lastname: SCENARIO Register with empty lastname

2022-05-24 23:50:03 - [TEST_STEP][PASSED] - I navigate to YellowFit application: I navigate to YellowFit application

2022-05-24 23:50:04 - [TEST_CASE][PASSED] - Test Cases/Common/Home - Load home page: Test Cases/Common/Home - Load home page

2022-05-24 23:50:04 - [TEST_STEP][PASSED] - openBrowser(""): Browser is opened with url: ''

2022-05-24 23:50:04 - [MESSAGE][INFO] - Starting 'Chrome' driver

2022-05-24 23:50:04 - [MESSAGE][INFO] - Action delay is set to 0 milliseconds

2022-05-24 23:50:06 - [MESSAGE][PASSED] - Browser is opened with url: ''

2022-05-24 23:50:06 - [TEST_STEP][PASSED] - navigateToUrl(url): Navigate to 'https://yellowfitkitchen.com/' successfully

2022-05-24 23:50:10 - [MESSAGE][PASSED] - Navigate to 'https://yellowfitkitchen.com/' successfully

2022-05-24 23:50:10 - [MESSAGE][PASSED] - Call Test Case 'Test Cases/Common/Home - Load home page' successfully

2022-05-24 23:50:10 - [MESSAGE][PASSED] - I navigate to YellowFit application

2022-05-24 23:50:10 - [TEST_STEP][PASSED] - I click Account button: I click Account button

2022-05-24 23:50:10 - [TEST_CASE][PASSED] - Test Cases/Common/Home - Click Account: Test Cases/Common/Home - Click Account

2022-05-24 23:50:10 - [TEST_STEP][PASSED] - click(findTestObject("Object Repository/Home/link_account")): Object: 'Object Repository/Home/link_account' is clicked on

2022-05-24 23:50:13 - [MESSAGE][PASSED] - Object: 'Object Repository/Home/link_account' is clicked on

2022-05-24 23:50:13 - [MESSAGE][PASSED] - Call Test Case 'Test Cases/Common/Home - Click Account' successfully

2022-05-24 23:50:13 - [MESSAGE][PASSED] - I click Account button

2022-05-24 23:50:13 - [TEST_STEP][PASSED] - I click Create Account button: I click Create Account button

2022-05-24 23:50:13 - [TEST_CASE][PASSED] - Test Cases/Common/Login - Click Create Account: Test Cases/Common/Login - Click Create Account

2022-05-24 23:50:13 - [TEST_STEP][PASSED] - click(findTestObject("Object Repository/Login/btn_create_account")): Object: 'Object Repository/Login/btn_create_account' is clicked on

2022-05-24 23:50:16 - [MESSAGE][PASSED] - Object: 'Object Repository/Login/btn_create_account' is clicked on

2022-05-24 23:50:16 - [MESSAGE][PASSED] - Call Test Case 'Test Cases/Common/Login - Click Create Account' successfully

2022-05-24 23:50:16 - [MESSAGE][PASSED] - I click Create Account button

2022-05-24 23:50:16 - [TEST_STEP][PASSED] - I input firstname Hazel, lastname , date 10, month 10, year 2000, phone 08112233440011, email delf_test2@gmail.com, and password HwXnxaZD17M=: I input firstname Hazel, lastname , date 10, month 10, year 2000, phone 08112233440011, email delf_test2@gmail.com, and password HwXnxaZD17M=

2022-05-24 23:50:16 - [TEST_CASE][PASSED] - Test Cases/Common/Register - Fill registration form: Test Cases/Common/Register - Fill registration form

2022-05-24 23:50:16 - [TEST_STEP][PASSED] - setText(findTestObject("Object Repository/Register/input_first_name"), firstname): Text 'Hazel' is set on object 'Object Repository/Register/input_first_name'

2022-05-24 23:50:17 - [MESSAGE][PASSED] - Text 'Hazel' is set on object 'Object Repository/Register/input_first_name'

2022-05-24 23:50:17 - [TEST_STEP][PASSED] - setText(findTestObject("Object Repository/Register/input_last_name"), lastname): Text '' is set on object 'Object Repository/Register/input_last_name'

2022-05-24 23:50:17 - [MESSAGE][PASSED] - Text '' is set on object 'Object Repository/Register/input_last_name'

2022-05-24 23:50:17 - [TEST_STEP][PASSED] - selectOptionByValue(findTestObject("Object Repository/Register/dd_day"), date, true): All options with value '10' are selected in object 'Object Repository/Register/dd_day'  using regular expression

2022-05-24 23:50:19 - [MESSAGE][PASSED] - All options with value '10' are selected in object 'Object Repository/Register/dd_day'  using regular expression

2022-05-24 23:50:19 - [TEST_STEP][PASSED] - selectOptionByValue(findTestObject("Object Repository/Register/dd_month"), month, true): All options with value '10' are selected in object 'Object Repository/Register/dd_month'  using regular expression

2022-05-24 23:50:20 - [MESSAGE][PASSED] - All options with value '10' are selected in object 'Object Repository/Register/dd_month'  using regular expression

2022-05-24 23:50:20 - [TEST_STEP][PASSED] - selectOptionByValue(findTestObject("Object Repository/Register/dd_year"), year, true): All options with value '2000' are selected in object 'Object Repository/Register/dd_year'  using regular expression

2022-05-24 23:50:22 - [MESSAGE][PASSED] - All options with value '2000' are selected in object 'Object Repository/Register/dd_year'  using regular expression

2022-05-24 23:50:22 - [TEST_STEP][PASSED] - setText(findTestObject("Object Repository/Register/input_phone_whatsapp"), phone): Text '08112233440011' is set on object 'Object Repository/Register/input_phone_whatsapp'

2022-05-24 23:50:23 - [MESSAGE][PASSED] - Text '08112233440011' is set on object 'Object Repository/Register/input_phone_whatsapp'

2022-05-24 23:50:23 - [TEST_STEP][PASSED] - setText(findTestObject("Object Repository/Register/input_email"), email): Text 'delf_test2@gmail.com' is set on object 'Object Repository/Register/input_email'

2022-05-24 23:50:24 - [MESSAGE][PASSED] - Text 'delf_test2@gmail.com' is set on object 'Object Repository/Register/input_email'

2022-05-24 23:50:24 - [TEST_STEP][PASSED] - setEncryptedText(findTestObject("Object Repository/Register/input_password"), password): Text ****** has been set on object 'Object Repository/Register/input_password'

2022-05-24 23:50:24 - [MESSAGE][PASSED] - Text ****** has been set on object 'Object Repository/Register/input_password'

2022-05-24 23:50:24 - [MESSAGE][PASSED] - Call Test Case 'Test Cases/Common/Register - Fill registration form' successfully

2022-05-24 23:50:24 - [MESSAGE][PASSED] - I input firstname Hazel, lastname , date 10, month 10, year 2000, phone 08112233440011, email delf_test2@gmail.com, and password HwXnxaZD17M=

2022-05-24 23:50:24 - [TEST_STEP][PASSED] - I click Register button: I click Register button

2022-05-24 23:50:24 - [TEST_CASE][PASSED] - Test Cases/Common/Register - Click Register: Test Cases/Common/Register - Click Register

2022-05-24 23:50:24 - [TEST_STEP][PASSED] - click(findTestObject("Register/btn_register")): Object: 'Object Repository/Register/btn_register' is clicked on

2022-05-24 23:50:25 - [MESSAGE][PASSED] - Object: 'Object Repository/Register/btn_register' is clicked on

2022-05-24 23:50:25 - [MESSAGE][PASSED] - Call Test Case 'Test Cases/Common/Register - Click Register' successfully

2022-05-24 23:50:25 - [MESSAGE][PASSED] - I click Register button

2022-05-24 23:50:25 - [TEST_STEP][PASSED] - I should see error 'Last Name tidak boleh kosong!': I should see error 'Last Name tidak boleh kosong!'

2022-05-24 23:50:25 - [TEST_CASE][PASSED] - Test Cases/Common/Register - Verify error empty lastname: Test Cases/Common/Register - Verify error empty lastname

2022-05-24 23:50:25 - [TEST_STEP][PASSED] - customKeyword.verifyErrorMessage("Failed", "Last Name tidak boleh kosong!"): customKeyword.verifyErrorMessage is PASSED

2022-05-24 23:50:25 - [MESSAGE][WARNING] - Timeout '0' is invalid. Using default page load timeout: '30'

2022-05-24 23:50:25 - [MESSAGE][PASSED] - Object 'Object Repository/Login/mdl_failed' is present

2022-05-24 23:50:26 - [MESSAGE][PASSED] - Text 'Failed' is present on page 

2022-05-24 23:50:26 - [MESSAGE][PASSED] - Text 'Last Name tidak boleh kosong!' is present on page 

2022-05-24 23:50:26 - [MESSAGE][PASSED] - customKeyword.verifyErrorMessage is PASSED

2022-05-24 23:50:26 - [MESSAGE][PASSED] - Call Test Case 'Test Cases/Common/Register - Verify error empty lastname' successfully

2022-05-24 23:50:26 - [MESSAGE][PASSED] - I should see error 'Last Name tidak boleh kosong!'

2022-05-24 23:50:26 - [MESSAGE][PASSED] - Feature file: 'Include/features/Register.feature' was passed

2022-05-24 23:50:26 - [TEST_STEP][PASSED] - Start listener action : afterTestCase: Browser is closed

2022-05-24 23:50:26 - [TEST_STEP][PASSED] - closeBrowser(): Browser is closed

2022-05-24 23:50:26 - [MESSAGE][PASSED] - Browser is closed]]></system-out>
         <system-err><![CDATA[]]></system-err>
      </testcase>
      <testcase name="Test Cases/Register/Neg - Register with empty phone" time="23.276" classname="Test Cases/Register/Neg - Register with empty phone" status="PASSED">
         <system-out><![CDATA[2022-05-24 23:50:26 - [TEST_CASE][PASSED] - Test Cases/Register/Neg - Register with empty phone: Test Cases/Register/Neg - Register with empty phone

2022-05-24 23:50:26 - [TEST_STEP][PASSED] - runFeatureFileWithTags("Include/features/Register.feature", "@Empty_phone"): Feature file: 'Include/features/Register.feature' was passed

2022-05-24 23:50:26 - [MESSAGE][INFO] - Starting run keyword runFeatureFile: 'Include/features/Register.feature' and extract report to folder: '/Users/meitridelfiza/git/yellowfit-web-automation/Reports/20220524_234901/Test Suite Register/20220524_234901/cucumber_report/1653411026967'...

2022-05-24 23:50:27 - [TEST_CASE][PASSED] - Start Test Case : SCENARIO Register with empty phone: SCENARIO Register with empty phone

2022-05-24 23:50:27 - [TEST_STEP][PASSED] - I navigate to YellowFit application: I navigate to YellowFit application

2022-05-24 23:50:27 - [TEST_CASE][PASSED] - Test Cases/Common/Home - Load home page: Test Cases/Common/Home - Load home page

2022-05-24 23:50:27 - [TEST_STEP][PASSED] - openBrowser(""): Browser is opened with url: ''

2022-05-24 23:50:27 - [MESSAGE][INFO] - Starting 'Chrome' driver

2022-05-24 23:50:27 - [MESSAGE][INFO] - Action delay is set to 0 milliseconds

2022-05-24 23:50:31 - [MESSAGE][PASSED] - Browser is opened with url: ''

2022-05-24 23:50:31 - [TEST_STEP][PASSED] - navigateToUrl(url): Navigate to 'https://yellowfitkitchen.com/' successfully

2022-05-24 23:50:34 - [MESSAGE][PASSED] - Navigate to 'https://yellowfitkitchen.com/' successfully

2022-05-24 23:50:34 - [MESSAGE][PASSED] - Call Test Case 'Test Cases/Common/Home - Load home page' successfully

2022-05-24 23:50:34 - [MESSAGE][PASSED] - I navigate to YellowFit application

2022-05-24 23:50:34 - [TEST_STEP][PASSED] - I click Account button: I click Account button

2022-05-24 23:50:34 - [TEST_CASE][PASSED] - Test Cases/Common/Home - Click Account: Test Cases/Common/Home - Click Account

2022-05-24 23:50:34 - [TEST_STEP][PASSED] - click(findTestObject("Object Repository/Home/link_account")): Object: 'Object Repository/Home/link_account' is clicked on

2022-05-24 23:50:37 - [MESSAGE][PASSED] - Object: 'Object Repository/Home/link_account' is clicked on

2022-05-24 23:50:37 - [MESSAGE][PASSED] - Call Test Case 'Test Cases/Common/Home - Click Account' successfully

2022-05-24 23:50:37 - [MESSAGE][PASSED] - I click Account button

2022-05-24 23:50:37 - [TEST_STEP][PASSED] - I click Create Account button: I click Create Account button

2022-05-24 23:50:37 - [TEST_CASE][PASSED] - Test Cases/Common/Login - Click Create Account: Test Cases/Common/Login - Click Create Account

2022-05-24 23:50:37 - [TEST_STEP][PASSED] - click(findTestObject("Object Repository/Login/btn_create_account")): Object: 'Object Repository/Login/btn_create_account' is clicked on

2022-05-24 23:50:39 - [MESSAGE][PASSED] - Object: 'Object Repository/Login/btn_create_account' is clicked on

2022-05-24 23:50:39 - [MESSAGE][PASSED] - Call Test Case 'Test Cases/Common/Login - Click Create Account' successfully

2022-05-24 23:50:39 - [MESSAGE][PASSED] - I click Create Account button

2022-05-24 23:50:39 - [TEST_STEP][PASSED] - I input firstname Hazel, lastname Grace, date 10, month 10, year 2000, phone , email delf_test2@gmail.com, and password HwXnxaZD17M=: I input firstname Hazel, lastname Grace, date 10, month 10, year 2000, phone , email delf_test2@gmail.com, and password HwXnxaZD17M=

2022-05-24 23:50:39 - [TEST_CASE][PASSED] - Test Cases/Common/Register - Fill registration form: Test Cases/Common/Register - Fill registration form

2022-05-24 23:50:40 - [TEST_STEP][PASSED] - setText(findTestObject("Object Repository/Register/input_first_name"), firstname): Text 'Hazel' is set on object 'Object Repository/Register/input_first_name'

2022-05-24 23:50:40 - [MESSAGE][PASSED] - Text 'Hazel' is set on object 'Object Repository/Register/input_first_name'

2022-05-24 23:50:40 - [TEST_STEP][PASSED] - setText(findTestObject("Object Repository/Register/input_last_name"), lastname): Text 'Grace' is set on object 'Object Repository/Register/input_last_name'

2022-05-24 23:50:41 - [MESSAGE][PASSED] - Text 'Grace' is set on object 'Object Repository/Register/input_last_name'

2022-05-24 23:50:41 - [TEST_STEP][PASSED] - selectOptionByValue(findTestObject("Object Repository/Register/dd_day"), date, true): All options with value '10' are selected in object 'Object Repository/Register/dd_day'  using regular expression

2022-05-24 23:50:42 - [MESSAGE][PASSED] - All options with value '10' are selected in object 'Object Repository/Register/dd_day'  using regular expression

2022-05-24 23:50:42 - [TEST_STEP][PASSED] - selectOptionByValue(findTestObject("Object Repository/Register/dd_month"), month, true): All options with value '10' are selected in object 'Object Repository/Register/dd_month'  using regular expression

2022-05-24 23:50:43 - [MESSAGE][PASSED] - All options with value '10' are selected in object 'Object Repository/Register/dd_month'  using regular expression

2022-05-24 23:50:43 - [TEST_STEP][PASSED] - selectOptionByValue(findTestObject("Object Repository/Register/dd_year"), year, true): All options with value '2000' are selected in object 'Object Repository/Register/dd_year'  using regular expression

2022-05-24 23:50:46 - [MESSAGE][PASSED] - All options with value '2000' are selected in object 'Object Repository/Register/dd_year'  using regular expression

2022-05-24 23:50:46 - [TEST_STEP][PASSED] - setText(findTestObject("Object Repository/Register/input_phone_whatsapp"), phone): Text '' is set on object 'Object Repository/Register/input_phone_whatsapp'

2022-05-24 23:50:47 - [MESSAGE][PASSED] - Text '' is set on object 'Object Repository/Register/input_phone_whatsapp'

2022-05-24 23:50:47 - [TEST_STEP][PASSED] - setText(findTestObject("Object Repository/Register/input_email"), email): Text 'delf_test2@gmail.com' is set on object 'Object Repository/Register/input_email'

2022-05-24 23:50:47 - [MESSAGE][PASSED] - Text 'delf_test2@gmail.com' is set on object 'Object Repository/Register/input_email'

2022-05-24 23:50:47 - [TEST_STEP][PASSED] - setEncryptedText(findTestObject("Object Repository/Register/input_password"), password): Text ****** has been set on object 'Object Repository/Register/input_password'

2022-05-24 23:50:48 - [MESSAGE][PASSED] - Text ****** has been set on object 'Object Repository/Register/input_password'

2022-05-24 23:50:48 - [MESSAGE][PASSED] - Call Test Case 'Test Cases/Common/Register - Fill registration form' successfully

2022-05-24 23:50:48 - [MESSAGE][PASSED] - I input firstname Hazel, lastname Grace, date 10, month 10, year 2000, phone , email delf_test2@gmail.com, and password HwXnxaZD17M=

2022-05-24 23:50:48 - [TEST_STEP][PASSED] - I click Register button: I click Register button

2022-05-24 23:50:48 - [TEST_CASE][PASSED] - Test Cases/Common/Register - Click Register: Test Cases/Common/Register - Click Register

2022-05-24 23:50:48 - [TEST_STEP][PASSED] - click(findTestObject("Register/btn_register")): Object: 'Object Repository/Register/btn_register' is clicked on

2022-05-24 23:50:48 - [MESSAGE][PASSED] - Object: 'Object Repository/Register/btn_register' is clicked on

2022-05-24 23:50:48 - [MESSAGE][PASSED] - Call Test Case 'Test Cases/Common/Register - Click Register' successfully

2022-05-24 23:50:48 - [MESSAGE][PASSED] - I click Register button

2022-05-24 23:50:48 - [TEST_STEP][PASSED] - I should see error 'Phone tidak boleh kosong!': I should see error 'Phone tidak boleh kosong!'

2022-05-24 23:50:48 - [TEST_CASE][PASSED] - Test Cases/Common/Register - Verify error empty phone: Test Cases/Common/Register - Verify error empty phone

2022-05-24 23:50:48 - [TEST_STEP][PASSED] - customKeyword.verifyErrorMessage("Failed", "Phone tidak boleh kosong!"): customKeyword.verifyErrorMessage is PASSED

2022-05-24 23:50:48 - [MESSAGE][WARNING] - Timeout '0' is invalid. Using default page load timeout: '30'

2022-05-24 23:50:49 - [MESSAGE][PASSED] - Object 'Object Repository/Login/mdl_failed' is present

2022-05-24 23:50:49 - [MESSAGE][PASSED] - Text 'Failed' is present on page 

2022-05-24 23:50:50 - [MESSAGE][PASSED] - Text 'Phone tidak boleh kosong!' is present on page 

2022-05-24 23:50:50 - [MESSAGE][PASSED] - customKeyword.verifyErrorMessage is PASSED

2022-05-24 23:50:50 - [MESSAGE][PASSED] - Call Test Case 'Test Cases/Common/Register - Verify error empty phone' successfully

2022-05-24 23:50:50 - [MESSAGE][PASSED] - I should see error 'Phone tidak boleh kosong!'

2022-05-24 23:50:50 - [MESSAGE][PASSED] - Feature file: 'Include/features/Register.feature' was passed

2022-05-24 23:50:50 - [TEST_STEP][PASSED] - Start listener action : afterTestCase: Browser is closed

2022-05-24 23:50:50 - [TEST_STEP][PASSED] - closeBrowser(): Browser is closed

2022-05-24 23:50:50 - [MESSAGE][PASSED] - Browser is closed]]></system-out>
         <system-err><![CDATA[]]></system-err>
      </testcase>
      <testcase name="Test Cases/Register/Neg - Register with empty email" time="23.308" classname="Test Cases/Register/Neg - Register with empty email" status="PASSED">
         <system-out><![CDATA[2022-05-24 23:50:50 - [TEST_CASE][PASSED] - Test Cases/Register/Neg - Register with empty email: Test Cases/Register/Neg - Register with empty email

2022-05-24 23:50:50 - [TEST_STEP][PASSED] - runFeatureFileWithTags("Include/features/Register.feature", "@Empty_email"): Feature file: 'Include/features/Register.feature' was passed

2022-05-24 23:50:50 - [MESSAGE][INFO] - Starting run keyword runFeatureFile: 'Include/features/Register.feature' and extract report to folder: '/Users/meitridelfiza/git/yellowfit-web-automation/Reports/20220524_234901/Test Suite Register/20220524_234901/cucumber_report/1653411050261'...

2022-05-24 23:50:50 - [TEST_CASE][PASSED] - Start Test Case : SCENARIO Register with empty email: SCENARIO Register with empty email

2022-05-24 23:50:50 - [TEST_STEP][PASSED] - I navigate to YellowFit application: I navigate to YellowFit application

2022-05-24 23:50:50 - [TEST_CASE][PASSED] - Test Cases/Common/Home - Load home page: Test Cases/Common/Home - Load home page

2022-05-24 23:50:50 - [TEST_STEP][PASSED] - openBrowser(""): Browser is opened with url: ''

2022-05-24 23:50:50 - [MESSAGE][INFO] - Starting 'Chrome' driver

2022-05-24 23:50:50 - [MESSAGE][INFO] - Action delay is set to 0 milliseconds

2022-05-24 23:50:54 - [MESSAGE][PASSED] - Browser is opened with url: ''

2022-05-24 23:50:54 - [TEST_STEP][PASSED] - navigateToUrl(url): Navigate to 'https://yellowfitkitchen.com/' successfully

2022-05-24 23:50:57 - [MESSAGE][PASSED] - Navigate to 'https://yellowfitkitchen.com/' successfully

2022-05-24 23:50:57 - [MESSAGE][PASSED] - Call Test Case 'Test Cases/Common/Home - Load home page' successfully

2022-05-24 23:50:57 - [MESSAGE][PASSED] - I navigate to YellowFit application

2022-05-24 23:50:57 - [TEST_STEP][PASSED] - I click Account button: I click Account button

2022-05-24 23:50:57 - [TEST_CASE][PASSED] - Test Cases/Common/Home - Click Account: Test Cases/Common/Home - Click Account

2022-05-24 23:50:57 - [TEST_STEP][PASSED] - click(findTestObject("Object Repository/Home/link_account")): Object: 'Object Repository/Home/link_account' is clicked on

2022-05-24 23:51:00 - [MESSAGE][PASSED] - Object: 'Object Repository/Home/link_account' is clicked on

2022-05-24 23:51:00 - [MESSAGE][PASSED] - Call Test Case 'Test Cases/Common/Home - Click Account' successfully

2022-05-24 23:51:00 - [MESSAGE][PASSED] - I click Account button

2022-05-24 23:51:00 - [TEST_STEP][PASSED] - I click Create Account button: I click Create Account button

2022-05-24 23:51:00 - [TEST_CASE][PASSED] - Test Cases/Common/Login - Click Create Account: Test Cases/Common/Login - Click Create Account

2022-05-24 23:51:00 - [TEST_STEP][PASSED] - click(findTestObject("Object Repository/Login/btn_create_account")): Object: 'Object Repository/Login/btn_create_account' is clicked on

2022-05-24 23:51:02 - [MESSAGE][PASSED] - Object: 'Object Repository/Login/btn_create_account' is clicked on

2022-05-24 23:51:02 - [MESSAGE][PASSED] - Call Test Case 'Test Cases/Common/Login - Click Create Account' successfully

2022-05-24 23:51:02 - [MESSAGE][PASSED] - I click Create Account button

2022-05-24 23:51:02 - [TEST_STEP][PASSED] - I input firstname Hazel, lastname Grace, date 10, month 10, year 2000, phone 08112233440011, email , and password HwXnxaZD17M=: I input firstname Hazel, lastname Grace, date 10, month 10, year 2000, phone 08112233440011, email , and password HwXnxaZD17M=

2022-05-24 23:51:03 - [TEST_CASE][PASSED] - Test Cases/Common/Register - Fill registration form: Test Cases/Common/Register - Fill registration form

2022-05-24 23:51:03 - [TEST_STEP][PASSED] - setText(findTestObject("Object Repository/Register/input_first_name"), firstname): Text 'Hazel' is set on object 'Object Repository/Register/input_first_name'

2022-05-24 23:51:03 - [MESSAGE][PASSED] - Text 'Hazel' is set on object 'Object Repository/Register/input_first_name'

2022-05-24 23:51:03 - [TEST_STEP][PASSED] - setText(findTestObject("Object Repository/Register/input_last_name"), lastname): Text 'Grace' is set on object 'Object Repository/Register/input_last_name'

2022-05-24 23:51:04 - [MESSAGE][PASSED] - Text 'Grace' is set on object 'Object Repository/Register/input_last_name'

2022-05-24 23:51:04 - [TEST_STEP][PASSED] - selectOptionByValue(findTestObject("Object Repository/Register/dd_day"), date, true): All options with value '10' are selected in object 'Object Repository/Register/dd_day'  using regular expression

2022-05-24 23:51:05 - [MESSAGE][PASSED] - All options with value '10' are selected in object 'Object Repository/Register/dd_day'  using regular expression

2022-05-24 23:51:05 - [TEST_STEP][PASSED] - selectOptionByValue(findTestObject("Object Repository/Register/dd_month"), month, true): All options with value '10' are selected in object 'Object Repository/Register/dd_month'  using regular expression

2022-05-24 23:51:06 - [MESSAGE][PASSED] - All options with value '10' are selected in object 'Object Repository/Register/dd_month'  using regular expression

2022-05-24 23:51:06 - [TEST_STEP][PASSED] - selectOptionByValue(findTestObject("Object Repository/Register/dd_year"), year, true): All options with value '2000' are selected in object 'Object Repository/Register/dd_year'  using regular expression

2022-05-24 23:51:08 - [MESSAGE][PASSED] - All options with value '2000' are selected in object 'Object Repository/Register/dd_year'  using regular expression

2022-05-24 23:51:08 - [TEST_STEP][PASSED] - setText(findTestObject("Object Repository/Register/input_phone_whatsapp"), phone): Text '08112233440011' is set on object 'Object Repository/Register/input_phone_whatsapp'

2022-05-24 23:51:09 - [MESSAGE][PASSED] - Text '08112233440011' is set on object 'Object Repository/Register/input_phone_whatsapp'

2022-05-24 23:51:09 - [TEST_STEP][PASSED] - setText(findTestObject("Object Repository/Register/input_email"), email): Text '' is set on object 'Object Repository/Register/input_email'

2022-05-24 23:51:10 - [MESSAGE][PASSED] - Text '' is set on object 'Object Repository/Register/input_email'

2022-05-24 23:51:10 - [TEST_STEP][PASSED] - setEncryptedText(findTestObject("Object Repository/Register/input_password"), password): Text ****** has been set on object 'Object Repository/Register/input_password'

2022-05-24 23:51:10 - [MESSAGE][PASSED] - Text ****** has been set on object 'Object Repository/Register/input_password'

2022-05-24 23:51:10 - [MESSAGE][PASSED] - Call Test Case 'Test Cases/Common/Register - Fill registration form' successfully

2022-05-24 23:51:10 - [MESSAGE][PASSED] - I input firstname Hazel, lastname Grace, date 10, month 10, year 2000, phone 08112233440011, email , and password HwXnxaZD17M=

2022-05-24 23:51:10 - [TEST_STEP][PASSED] - I click Register button: I click Register button

2022-05-24 23:51:11 - [TEST_CASE][PASSED] - Test Cases/Common/Register - Click Register: Test Cases/Common/Register - Click Register

2022-05-24 23:51:11 - [TEST_STEP][PASSED] - click(findTestObject("Register/btn_register")): Object: 'Object Repository/Register/btn_register' is clicked on

2022-05-24 23:51:11 - [MESSAGE][PASSED] - Object: 'Object Repository/Register/btn_register' is clicked on

2022-05-24 23:51:11 - [MESSAGE][PASSED] - Call Test Case 'Test Cases/Common/Register - Click Register' successfully

2022-05-24 23:51:11 - [MESSAGE][PASSED] - I click Register button

2022-05-24 23:51:11 - [TEST_STEP][PASSED] - I should see error 'email tidak boleh kosong!': I should see error 'email tidak boleh kosong!'

2022-05-24 23:51:11 - [TEST_CASE][PASSED] - Test Cases/Common/Login - Verify error empty email: Test Cases/Common/Login - Verify error empty email

2022-05-24 23:51:11 - [TEST_STEP][PASSED] - customKeyword.verifyErrorMessage("Failed", "email tidak boleh kosong!"): customKeyword.verifyErrorMessage is PASSED

2022-05-24 23:51:11 - [MESSAGE][WARNING] - Timeout '0' is invalid. Using default page load timeout: '30'

2022-05-24 23:51:12 - [MESSAGE][PASSED] - Object 'Object Repository/Login/mdl_failed' is present

2022-05-24 23:51:12 - [MESSAGE][PASSED] - Text 'Failed' is present on page 

2022-05-24 23:51:13 - [MESSAGE][PASSED] - Text 'email tidak boleh kosong!' is present on page 

2022-05-24 23:51:13 - [MESSAGE][PASSED] - customKeyword.verifyErrorMessage is PASSED

2022-05-24 23:51:13 - [MESSAGE][PASSED] - Call Test Case 'Test Cases/Common/Login - Verify error empty email' successfully

2022-05-24 23:51:13 - [MESSAGE][PASSED] - I should see error 'email tidak boleh kosong!'

2022-05-24 23:51:13 - [MESSAGE][PASSED] - Feature file: 'Include/features/Register.feature' was passed

2022-05-24 23:51:13 - [TEST_STEP][PASSED] - Start listener action : afterTestCase: Browser is closed

2022-05-24 23:51:13 - [TEST_STEP][PASSED] - closeBrowser(): Browser is closed

2022-05-24 23:51:13 - [MESSAGE][PASSED] - Browser is closed]]></system-out>
         <system-err><![CDATA[]]></system-err>
      </testcase>
      <testcase name="Test Cases/Register/Neg - Register with email already registered" time="23.41" classname="Test Cases/Register/Neg - Register with email already registered" status="PASSED">
         <system-out><![CDATA[2022-05-24 23:51:13 - [TEST_CASE][PASSED] - Test Cases/Register/Neg - Register with email already registered: Test Cases/Register/Neg - Register with email already registered

2022-05-24 23:51:13 - [TEST_STEP][PASSED] - runFeatureFileWithTags("Include/features/Register.feature", "@Email_already_registered"): Feature file: 'Include/features/Register.feature' was passed

2022-05-24 23:51:13 - [MESSAGE][INFO] - Starting run keyword runFeatureFile: 'Include/features/Register.feature' and extract report to folder: '/Users/meitridelfiza/git/yellowfit-web-automation/Reports/20220524_234901/Test Suite Register/20220524_234901/cucumber_report/1653411073642'...

2022-05-24 23:51:13 - [TEST_CASE][PASSED] - Start Test Case : SCENARIO Register with email already registered: SCENARIO Register with email already registered

2022-05-24 23:51:13 - [TEST_STEP][PASSED] - I navigate to YellowFit application: I navigate to YellowFit application

2022-05-24 23:51:13 - [TEST_CASE][PASSED] - Test Cases/Common/Home - Load home page: Test Cases/Common/Home - Load home page

2022-05-24 23:51:13 - [TEST_STEP][PASSED] - openBrowser(""): Browser is opened with url: ''

2022-05-24 23:51:13 - [MESSAGE][INFO] - Starting 'Chrome' driver

2022-05-24 23:51:13 - [MESSAGE][INFO] - Action delay is set to 0 milliseconds

2022-05-24 23:51:16 - [MESSAGE][PASSED] - Browser is opened with url: ''

2022-05-24 23:51:16 - [TEST_STEP][PASSED] - navigateToUrl(url): Navigate to 'https://yellowfitkitchen.com/' successfully

2022-05-24 23:51:19 - [MESSAGE][PASSED] - Navigate to 'https://yellowfitkitchen.com/' successfully

2022-05-24 23:51:19 - [MESSAGE][PASSED] - Call Test Case 'Test Cases/Common/Home - Load home page' successfully

2022-05-24 23:51:19 - [MESSAGE][PASSED] - I navigate to YellowFit application

2022-05-24 23:51:19 - [TEST_STEP][PASSED] - I click Account button: I click Account button

2022-05-24 23:51:19 - [TEST_CASE][PASSED] - Test Cases/Common/Home - Click Account: Test Cases/Common/Home - Click Account

2022-05-24 23:51:19 - [TEST_STEP][PASSED] - click(findTestObject("Object Repository/Home/link_account")): Object: 'Object Repository/Home/link_account' is clicked on

2022-05-24 23:51:22 - [MESSAGE][PASSED] - Object: 'Object Repository/Home/link_account' is clicked on

2022-05-24 23:51:22 - [MESSAGE][PASSED] - Call Test Case 'Test Cases/Common/Home - Click Account' successfully

2022-05-24 23:51:22 - [MESSAGE][PASSED] - I click Account button

2022-05-24 23:51:22 - [TEST_STEP][PASSED] - I click Create Account button: I click Create Account button

2022-05-24 23:51:22 - [TEST_CASE][PASSED] - Test Cases/Common/Login - Click Create Account: Test Cases/Common/Login - Click Create Account

2022-05-24 23:51:22 - [TEST_STEP][PASSED] - click(findTestObject("Object Repository/Login/btn_create_account")): Object: 'Object Repository/Login/btn_create_account' is clicked on

2022-05-24 23:51:26 - [MESSAGE][PASSED] - Object: 'Object Repository/Login/btn_create_account' is clicked on

2022-05-24 23:51:26 - [MESSAGE][PASSED] - Call Test Case 'Test Cases/Common/Login - Click Create Account' successfully

2022-05-24 23:51:26 - [MESSAGE][PASSED] - I click Create Account button

2022-05-24 23:51:26 - [TEST_STEP][PASSED] - I input firstname Hazel, lastname Grace, date 10, month 10, year 2000, phone 08112233440011, email mdelfiza@gmail.com, and password HwXnxaZD17M=: I input firstname Hazel, lastname Grace, date 10, month 10, year 2000, phone 08112233440011, email mdelfiza@gmail.com, and password HwXnxaZD17M=

2022-05-24 23:51:26 - [TEST_CASE][PASSED] - Test Cases/Common/Register - Fill registration form: Test Cases/Common/Register - Fill registration form

2022-05-24 23:51:26 - [TEST_STEP][PASSED] - setText(findTestObject("Object Repository/Register/input_first_name"), firstname): Text 'Hazel' is set on object 'Object Repository/Register/input_first_name'

2022-05-24 23:51:26 - [MESSAGE][PASSED] - Text 'Hazel' is set on object 'Object Repository/Register/input_first_name'

2022-05-24 23:51:26 - [TEST_STEP][PASSED] - setText(findTestObject("Object Repository/Register/input_last_name"), lastname): Text 'Grace' is set on object 'Object Repository/Register/input_last_name'

2022-05-24 23:51:27 - [MESSAGE][PASSED] - Text 'Grace' is set on object 'Object Repository/Register/input_last_name'

2022-05-24 23:51:27 - [TEST_STEP][PASSED] - selectOptionByValue(findTestObject("Object Repository/Register/dd_day"), date, true): All options with value '10' are selected in object 'Object Repository/Register/dd_day'  using regular expression

2022-05-24 23:51:29 - [MESSAGE][PASSED] - All options with value '10' are selected in object 'Object Repository/Register/dd_day'  using regular expression

2022-05-24 23:51:29 - [TEST_STEP][PASSED] - selectOptionByValue(findTestObject("Object Repository/Register/dd_month"), month, true): All options with value '10' are selected in object 'Object Repository/Register/dd_month'  using regular expression

2022-05-24 23:51:30 - [MESSAGE][PASSED] - All options with value '10' are selected in object 'Object Repository/Register/dd_month'  using regular expression

2022-05-24 23:51:30 - [TEST_STEP][PASSED] - selectOptionByValue(findTestObject("Object Repository/Register/dd_year"), year, true): All options with value '2000' are selected in object 'Object Repository/Register/dd_year'  using regular expression

2022-05-24 23:51:32 - [MESSAGE][PASSED] - All options with value '2000' are selected in object 'Object Repository/Register/dd_year'  using regular expression

2022-05-24 23:51:32 - [TEST_STEP][PASSED] - setText(findTestObject("Object Repository/Register/input_phone_whatsapp"), phone): Text '08112233440011' is set on object 'Object Repository/Register/input_phone_whatsapp'

2022-05-24 23:51:33 - [MESSAGE][PASSED] - Text '08112233440011' is set on object 'Object Repository/Register/input_phone_whatsapp'

2022-05-24 23:51:33 - [TEST_STEP][PASSED] - setText(findTestObject("Object Repository/Register/input_email"), email): Text 'mdelfiza@gmail.com' is set on object 'Object Repository/Register/input_email'

2022-05-24 23:51:34 - [MESSAGE][PASSED] - Text 'mdelfiza@gmail.com' is set on object 'Object Repository/Register/input_email'

2022-05-24 23:51:34 - [TEST_STEP][PASSED] - setEncryptedText(findTestObject("Object Repository/Register/input_password"), password): Text ****** has been set on object 'Object Repository/Register/input_password'

2022-05-24 23:51:34 - [MESSAGE][PASSED] - Text ****** has been set on object 'Object Repository/Register/input_password'

2022-05-24 23:51:34 - [MESSAGE][PASSED] - Call Test Case 'Test Cases/Common/Register - Fill registration form' successfully

2022-05-24 23:51:34 - [MESSAGE][PASSED] - I input firstname Hazel, lastname Grace, date 10, month 10, year 2000, phone 08112233440011, email mdelfiza@gmail.com, and password HwXnxaZD17M=

2022-05-24 23:51:34 - [TEST_STEP][PASSED] - I click Register button: I click Register button

2022-05-24 23:51:34 - [TEST_CASE][PASSED] - Test Cases/Common/Register - Click Register: Test Cases/Common/Register - Click Register

2022-05-24 23:51:34 - [TEST_STEP][PASSED] - click(findTestObject("Register/btn_register")): Object: 'Object Repository/Register/btn_register' is clicked on

2022-05-24 23:51:35 - [MESSAGE][PASSED] - Object: 'Object Repository/Register/btn_register' is clicked on

2022-05-24 23:51:35 - [MESSAGE][PASSED] - Call Test Case 'Test Cases/Common/Register - Click Register' successfully

2022-05-24 23:51:35 - [MESSAGE][PASSED] - I click Register button

2022-05-24 23:51:35 - [TEST_STEP][PASSED] - I should see error 'Email already registered!': I should see error 'Email already registered!'

2022-05-24 23:51:35 - [TEST_CASE][PASSED] - Test Cases/Common/Register - Verify error email already registered: Test Cases/Common/Register - Verify error email already registered

2022-05-24 23:51:35 - [TEST_STEP][PASSED] - customKeyword.verifyErrorMessage("Failed", "Email already registered!"): customKeyword.verifyErrorMessage is PASSED

2022-05-24 23:51:35 - [MESSAGE][WARNING] - Timeout '0' is invalid. Using default page load timeout: '30'

2022-05-24 23:51:35 - [MESSAGE][PASSED] - Object 'Object Repository/Login/mdl_failed' is present

2022-05-24 23:51:36 - [MESSAGE][PASSED] - Text 'Failed' is present on page 

2022-05-24 23:51:36 - [MESSAGE][PASSED] - Text 'Email already registered!' is present on page 

2022-05-24 23:51:36 - [MESSAGE][PASSED] - customKeyword.verifyErrorMessage is PASSED

2022-05-24 23:51:36 - [MESSAGE][PASSED] - Call Test Case 'Test Cases/Common/Register - Verify error email already registered' successfully

2022-05-24 23:51:36 - [MESSAGE][PASSED] - I should see error 'Email already registered!'

2022-05-24 23:51:36 - [MESSAGE][PASSED] - Feature file: 'Include/features/Register.feature' was passed

2022-05-24 23:51:36 - [TEST_STEP][PASSED] - Start listener action : afterTestCase: Browser is closed

2022-05-24 23:51:36 - [TEST_STEP][PASSED] - closeBrowser(): Browser is closed

2022-05-24 23:51:36 - [MESSAGE][PASSED] - Browser is closed]]></system-out>
         <system-err><![CDATA[]]></system-err>
      </testcase>
      <testcase name="Test Cases/Register/Neg - Register with invalid email format" time="23.134" classname="Test Cases/Register/Neg - Register with invalid email format" status="PASSED">
         <system-out><![CDATA[2022-05-24 23:51:36 - [TEST_CASE][PASSED] - Test Cases/Register/Neg - Register with invalid email format: Test Cases/Register/Neg - Register with invalid email format

2022-05-24 23:51:37 - [TEST_STEP][PASSED] - runFeatureFileWithTags("Include/features/Register.feature", "@Invalid_email_format"): Feature file: 'Include/features/Register.feature' was passed

2022-05-24 23:51:37 - [MESSAGE][INFO] - Starting run keyword runFeatureFile: 'Include/features/Register.feature' and extract report to folder: '/Users/meitridelfiza/git/yellowfit-web-automation/Reports/20220524_234901/Test Suite Register/20220524_234901/cucumber_report/1653411097024'...

2022-05-24 23:51:37 - [TEST_CASE][PASSED] - Start Test Case : SCENARIO Register with invalid email format: SCENARIO Register with invalid email format

2022-05-24 23:51:37 - [TEST_STEP][PASSED] - I navigate to YellowFit application: I navigate to YellowFit application

2022-05-24 23:51:37 - [TEST_CASE][PASSED] - Test Cases/Common/Home - Load home page: Test Cases/Common/Home - Load home page

2022-05-24 23:51:37 - [TEST_STEP][PASSED] - openBrowser(""): Browser is opened with url: ''

2022-05-24 23:51:37 - [MESSAGE][INFO] - Starting 'Chrome' driver

2022-05-24 23:51:37 - [MESSAGE][INFO] - Action delay is set to 0 milliseconds

2022-05-24 23:51:41 - [MESSAGE][PASSED] - Browser is opened with url: ''

2022-05-24 23:51:41 - [TEST_STEP][PASSED] - navigateToUrl(url): Navigate to 'https://yellowfitkitchen.com/' successfully

2022-05-24 23:51:44 - [MESSAGE][PASSED] - Navigate to 'https://yellowfitkitchen.com/' successfully

2022-05-24 23:51:44 - [MESSAGE][PASSED] - Call Test Case 'Test Cases/Common/Home - Load home page' successfully

2022-05-24 23:51:44 - [MESSAGE][PASSED] - I navigate to YellowFit application

2022-05-24 23:51:44 - [TEST_STEP][PASSED] - I click Account button: I click Account button

2022-05-24 23:51:44 - [TEST_CASE][PASSED] - Test Cases/Common/Home - Click Account: Test Cases/Common/Home - Click Account

2022-05-24 23:51:44 - [TEST_STEP][PASSED] - click(findTestObject("Object Repository/Home/link_account")): Object: 'Object Repository/Home/link_account' is clicked on

2022-05-24 23:51:47 - [MESSAGE][PASSED] - Object: 'Object Repository/Home/link_account' is clicked on

2022-05-24 23:51:47 - [MESSAGE][PASSED] - Call Test Case 'Test Cases/Common/Home - Click Account' successfully

2022-05-24 23:51:47 - [MESSAGE][PASSED] - I click Account button

2022-05-24 23:51:47 - [TEST_STEP][PASSED] - I click Create Account button: I click Create Account button

2022-05-24 23:51:47 - [TEST_CASE][PASSED] - Test Cases/Common/Login - Click Create Account: Test Cases/Common/Login - Click Create Account

2022-05-24 23:51:47 - [TEST_STEP][PASSED] - click(findTestObject("Object Repository/Login/btn_create_account")): Object: 'Object Repository/Login/btn_create_account' is clicked on

2022-05-24 23:51:49 - [MESSAGE][PASSED] - Object: 'Object Repository/Login/btn_create_account' is clicked on

2022-05-24 23:51:49 - [MESSAGE][PASSED] - Call Test Case 'Test Cases/Common/Login - Click Create Account' successfully

2022-05-24 23:51:49 - [MESSAGE][PASSED] - I click Create Account button

2022-05-24 23:51:49 - [TEST_STEP][PASSED] - I input firstname Hazel, lastname Grace, date 10, month 10, year 2000, phone 08112233440011, email ab12, and password HwXnxaZD17M=: I input firstname Hazel, lastname Grace, date 10, month 10, year 2000, phone 08112233440011, email ab12, and password HwXnxaZD17M=

2022-05-24 23:51:49 - [TEST_CASE][PASSED] - Test Cases/Common/Register - Fill registration form: Test Cases/Common/Register - Fill registration form

2022-05-24 23:51:49 - [TEST_STEP][PASSED] - setText(findTestObject("Object Repository/Register/input_first_name"), firstname): Text 'Hazel' is set on object 'Object Repository/Register/input_first_name'

2022-05-24 23:51:50 - [MESSAGE][PASSED] - Text 'Hazel' is set on object 'Object Repository/Register/input_first_name'

2022-05-24 23:51:50 - [TEST_STEP][PASSED] - setText(findTestObject("Object Repository/Register/input_last_name"), lastname): Text 'Grace' is set on object 'Object Repository/Register/input_last_name'

2022-05-24 23:51:51 - [MESSAGE][PASSED] - Text 'Grace' is set on object 'Object Repository/Register/input_last_name'

2022-05-24 23:51:51 - [TEST_STEP][PASSED] - selectOptionByValue(findTestObject("Object Repository/Register/dd_day"), date, true): All options with value '10' are selected in object 'Object Repository/Register/dd_day'  using regular expression

2022-05-24 23:51:52 - [MESSAGE][PASSED] - All options with value '10' are selected in object 'Object Repository/Register/dd_day'  using regular expression

2022-05-24 23:51:52 - [TEST_STEP][PASSED] - selectOptionByValue(findTestObject("Object Repository/Register/dd_month"), month, true): All options with value '10' are selected in object 'Object Repository/Register/dd_month'  using regular expression

2022-05-24 23:51:53 - [MESSAGE][PASSED] - All options with value '10' are selected in object 'Object Repository/Register/dd_month'  using regular expression

2022-05-24 23:51:53 - [TEST_STEP][PASSED] - selectOptionByValue(findTestObject("Object Repository/Register/dd_year"), year, true): All options with value '2000' are selected in object 'Object Repository/Register/dd_year'  using regular expression

2022-05-24 23:51:55 - [MESSAGE][PASSED] - All options with value '2000' are selected in object 'Object Repository/Register/dd_year'  using regular expression

2022-05-24 23:51:55 - [TEST_STEP][PASSED] - setText(findTestObject("Object Repository/Register/input_phone_whatsapp"), phone): Text '08112233440011' is set on object 'Object Repository/Register/input_phone_whatsapp'

2022-05-24 23:51:56 - [MESSAGE][PASSED] - Text '08112233440011' is set on object 'Object Repository/Register/input_phone_whatsapp'

2022-05-24 23:51:56 - [TEST_STEP][PASSED] - setText(findTestObject("Object Repository/Register/input_email"), email): Text 'ab12' is set on object 'Object Repository/Register/input_email'

2022-05-24 23:51:57 - [MESSAGE][PASSED] - Text 'ab12' is set on object 'Object Repository/Register/input_email'

2022-05-24 23:51:57 - [TEST_STEP][PASSED] - setEncryptedText(findTestObject("Object Repository/Register/input_password"), password): Text ****** has been set on object 'Object Repository/Register/input_password'

2022-05-24 23:51:57 - [MESSAGE][PASSED] - Text ****** has been set on object 'Object Repository/Register/input_password'

2022-05-24 23:51:57 - [MESSAGE][PASSED] - Call Test Case 'Test Cases/Common/Register - Fill registration form' successfully

2022-05-24 23:51:57 - [MESSAGE][PASSED] - I input firstname Hazel, lastname Grace, date 10, month 10, year 2000, phone 08112233440011, email ab12, and password HwXnxaZD17M=

2022-05-24 23:51:57 - [TEST_STEP][PASSED] - I click Register button: I click Register button

2022-05-24 23:51:57 - [TEST_CASE][PASSED] - Test Cases/Common/Register - Click Register: Test Cases/Common/Register - Click Register

2022-05-24 23:51:57 - [TEST_STEP][PASSED] - click(findTestObject("Register/btn_register")): Object: 'Object Repository/Register/btn_register' is clicked on

2022-05-24 23:51:58 - [MESSAGE][PASSED] - Object: 'Object Repository/Register/btn_register' is clicked on

2022-05-24 23:51:58 - [MESSAGE][PASSED] - Call Test Case 'Test Cases/Common/Register - Click Register' successfully

2022-05-24 23:51:58 - [MESSAGE][PASSED] - I click Register button

2022-05-24 23:51:58 - [TEST_STEP][PASSED] - I should see error 'masukan email yang benar!': I should see error 'masukan email yang benar!'

2022-05-24 23:51:58 - [TEST_CASE][PASSED] - Test Cases/Common/Login - Verify error invalid email format: Test Cases/Common/Login - Verify error invalid email format

2022-05-24 23:51:58 - [TEST_STEP][PASSED] - customKeyword.verifyErrorMessage("Failed", "masukan email yang benar!"): customKeyword.verifyErrorMessage is PASSED

2022-05-24 23:51:58 - [MESSAGE][WARNING] - Timeout '0' is invalid. Using default page load timeout: '30'

2022-05-24 23:51:58 - [MESSAGE][PASSED] - Object 'Object Repository/Login/mdl_failed' is present

2022-05-24 23:51:59 - [MESSAGE][PASSED] - Text 'Failed' is present on page 

2022-05-24 23:51:59 - [MESSAGE][PASSED] - Text 'masukan email yang benar!' is present on page 

2022-05-24 23:51:59 - [MESSAGE][PASSED] - customKeyword.verifyErrorMessage is PASSED

2022-05-24 23:51:59 - [MESSAGE][PASSED] - Call Test Case 'Test Cases/Common/Login - Verify error invalid email format' successfully

2022-05-24 23:51:59 - [MESSAGE][PASSED] - I should see error 'masukan email yang benar!'

2022-05-24 23:52:00 - [MESSAGE][PASSED] - Feature file: 'Include/features/Register.feature' was passed

2022-05-24 23:52:00 - [TEST_STEP][PASSED] - Start listener action : afterTestCase: Browser is closed

2022-05-24 23:52:00 - [TEST_STEP][PASSED] - closeBrowser(): Browser is closed

2022-05-24 23:52:00 - [MESSAGE][PASSED] - Browser is closed]]></system-out>
         <system-err><![CDATA[]]></system-err>
      </testcase>
      <testcase name="Test Cases/Register/Neg - Register with empty password" time="22.302" classname="Test Cases/Register/Neg - Register with empty password" status="PASSED">
         <system-out><![CDATA[2022-05-24 23:52:00 - [TEST_CASE][PASSED] - Test Cases/Register/Neg - Register with empty password: Test Cases/Register/Neg - Register with empty password

2022-05-24 23:52:00 - [TEST_STEP][PASSED] - runFeatureFileWithTags("Include/features/Register.feature", "@Empty_password"): Feature file: 'Include/features/Register.feature' was passed

2022-05-24 23:52:00 - [MESSAGE][INFO] - Starting run keyword runFeatureFile: 'Include/features/Register.feature' and extract report to folder: '/Users/meitridelfiza/git/yellowfit-web-automation/Reports/20220524_234901/Test Suite Register/20220524_234901/cucumber_report/1653411120142'...

2022-05-24 23:52:00 - [TEST_CASE][PASSED] - Start Test Case : SCENARIO Register with empty password: SCENARIO Register with empty password

2022-05-24 23:52:00 - [TEST_STEP][PASSED] - I navigate to YellowFit application: I navigate to YellowFit application

2022-05-24 23:52:00 - [TEST_CASE][PASSED] - Test Cases/Common/Home - Load home page: Test Cases/Common/Home - Load home page

2022-05-24 23:52:00 - [TEST_STEP][PASSED] - openBrowser(""): Browser is opened with url: ''

2022-05-24 23:52:00 - [MESSAGE][INFO] - Starting 'Chrome' driver

2022-05-24 23:52:00 - [MESSAGE][INFO] - Action delay is set to 0 milliseconds

2022-05-24 23:52:03 - [MESSAGE][PASSED] - Browser is opened with url: ''

2022-05-24 23:52:03 - [TEST_STEP][PASSED] - navigateToUrl(url): Navigate to 'https://yellowfitkitchen.com/' successfully

2022-05-24 23:52:06 - [MESSAGE][PASSED] - Navigate to 'https://yellowfitkitchen.com/' successfully

2022-05-24 23:52:06 - [MESSAGE][PASSED] - Call Test Case 'Test Cases/Common/Home - Load home page' successfully

2022-05-24 23:52:06 - [MESSAGE][PASSED] - I navigate to YellowFit application

2022-05-24 23:52:06 - [TEST_STEP][PASSED] - I click Account button: I click Account button

2022-05-24 23:52:07 - [TEST_CASE][PASSED] - Test Cases/Common/Home - Click Account: Test Cases/Common/Home - Click Account

2022-05-24 23:52:07 - [TEST_STEP][PASSED] - click(findTestObject("Object Repository/Home/link_account")): Object: 'Object Repository/Home/link_account' is clicked on

2022-05-24 23:52:09 - [MESSAGE][PASSED] - Object: 'Object Repository/Home/link_account' is clicked on

2022-05-24 23:52:09 - [MESSAGE][PASSED] - Call Test Case 'Test Cases/Common/Home - Click Account' successfully

2022-05-24 23:52:09 - [MESSAGE][PASSED] - I click Account button

2022-05-24 23:52:09 - [TEST_STEP][PASSED] - I click Create Account button: I click Create Account button

2022-05-24 23:52:09 - [TEST_CASE][PASSED] - Test Cases/Common/Login - Click Create Account: Test Cases/Common/Login - Click Create Account

2022-05-24 23:52:09 - [TEST_STEP][PASSED] - click(findTestObject("Object Repository/Login/btn_create_account")): Object: 'Object Repository/Login/btn_create_account' is clicked on

2022-05-24 23:52:12 - [MESSAGE][PASSED] - Object: 'Object Repository/Login/btn_create_account' is clicked on

2022-05-24 23:52:12 - [MESSAGE][PASSED] - Call Test Case 'Test Cases/Common/Login - Click Create Account' successfully

2022-05-24 23:52:12 - [MESSAGE][PASSED] - I click Create Account button

2022-05-24 23:52:12 - [TEST_STEP][PASSED] - I input firstname Hazel, lastname Grace, date 10, month 10, year 2000, phone 08112233440011, email delf_test2@gmail.com, and password : I input firstname Hazel, lastname Grace, date 10, month 10, year 2000, phone 08112233440011, email delf_test2@gmail.com, and password 

2022-05-24 23:52:12 - [TEST_CASE][PASSED] - Test Cases/Common/Register - Fill registration form: Test Cases/Common/Register - Fill registration form

2022-05-24 23:52:12 - [TEST_STEP][PASSED] - setText(findTestObject("Object Repository/Register/input_first_name"), firstname): Text 'Hazel' is set on object 'Object Repository/Register/input_first_name'

2022-05-24 23:52:12 - [MESSAGE][PASSED] - Text 'Hazel' is set on object 'Object Repository/Register/input_first_name'

2022-05-24 23:52:12 - [TEST_STEP][PASSED] - setText(findTestObject("Object Repository/Register/input_last_name"), lastname): Text 'Grace' is set on object 'Object Repository/Register/input_last_name'

2022-05-24 23:52:13 - [MESSAGE][PASSED] - Text 'Grace' is set on object 'Object Repository/Register/input_last_name'

2022-05-24 23:52:13 - [TEST_STEP][PASSED] - selectOptionByValue(findTestObject("Object Repository/Register/dd_day"), date, true): All options with value '10' are selected in object 'Object Repository/Register/dd_day'  using regular expression

2022-05-24 23:52:15 - [MESSAGE][PASSED] - All options with value '10' are selected in object 'Object Repository/Register/dd_day'  using regular expression

2022-05-24 23:52:15 - [TEST_STEP][PASSED] - selectOptionByValue(findTestObject("Object Repository/Register/dd_month"), month, true): All options with value '10' are selected in object 'Object Repository/Register/dd_month'  using regular expression

2022-05-24 23:52:16 - [MESSAGE][PASSED] - All options with value '10' are selected in object 'Object Repository/Register/dd_month'  using regular expression

2022-05-24 23:52:16 - [TEST_STEP][PASSED] - selectOptionByValue(findTestObject("Object Repository/Register/dd_year"), year, true): All options with value '2000' are selected in object 'Object Repository/Register/dd_year'  using regular expression

2022-05-24 23:52:18 - [MESSAGE][PASSED] - All options with value '2000' are selected in object 'Object Repository/Register/dd_year'  using regular expression

2022-05-24 23:52:18 - [TEST_STEP][PASSED] - setText(findTestObject("Object Repository/Register/input_phone_whatsapp"), phone): Text '08112233440011' is set on object 'Object Repository/Register/input_phone_whatsapp'

2022-05-24 23:52:19 - [MESSAGE][PASSED] - Text '08112233440011' is set on object 'Object Repository/Register/input_phone_whatsapp'

2022-05-24 23:52:19 - [TEST_STEP][PASSED] - setText(findTestObject("Object Repository/Register/input_email"), email): Text 'delf_test2@gmail.com' is set on object 'Object Repository/Register/input_email'

2022-05-24 23:52:20 - [MESSAGE][PASSED] - Text 'delf_test2@gmail.com' is set on object 'Object Repository/Register/input_email'

2022-05-24 23:52:20 - [TEST_STEP][PASSED] - setEncryptedText(findTestObject("Object Repository/Register/input_password"), password): Text ****** has been set on object 'Object Repository/Register/input_password'

2022-05-24 23:52:20 - [MESSAGE][PASSED] - Text ****** has been set on object 'Object Repository/Register/input_password'

2022-05-24 23:52:20 - [MESSAGE][PASSED] - Call Test Case 'Test Cases/Common/Register - Fill registration form' successfully

2022-05-24 23:52:20 - [MESSAGE][PASSED] - I input firstname Hazel, lastname Grace, date 10, month 10, year 2000, phone 08112233440011, email delf_test2@gmail.com, and password 

2022-05-24 23:52:20 - [TEST_STEP][PASSED] - I click Register button: I click Register button

2022-05-24 23:52:20 - [TEST_CASE][PASSED] - Test Cases/Common/Register - Click Register: Test Cases/Common/Register - Click Register

2022-05-24 23:52:20 - [TEST_STEP][PASSED] - click(findTestObject("Register/btn_register")): Object: 'Object Repository/Register/btn_register' is clicked on

2022-05-24 23:52:20 - [MESSAGE][PASSED] - Object: 'Object Repository/Register/btn_register' is clicked on

2022-05-24 23:52:20 - [MESSAGE][PASSED] - Call Test Case 'Test Cases/Common/Register - Click Register' successfully

2022-05-24 23:52:20 - [MESSAGE][PASSED] - I click Register button

2022-05-24 23:52:20 - [TEST_STEP][PASSED] - I should see error 'password tidak boleh kosong!': I should see error 'password tidak boleh kosong!'

2022-05-24 23:52:20 - [TEST_CASE][PASSED] - Test Cases/Common/Register - Verify error empty password: Test Cases/Common/Register - Verify error empty password

2022-05-24 23:52:21 - [TEST_STEP][PASSED] - customKeyword.verifyErrorMessage("Failed", "password tidak boleh kosong!"): customKeyword.verifyErrorMessage is PASSED

2022-05-24 23:52:21 - [MESSAGE][WARNING] - Timeout '0' is invalid. Using default page load timeout: '30'

2022-05-24 23:52:21 - [MESSAGE][PASSED] - Object 'Object Repository/Login/mdl_failed' is present

2022-05-24 23:52:21 - [MESSAGE][PASSED] - Text 'Failed' is present on page 

2022-05-24 23:52:22 - [MESSAGE][PASSED] - Text 'password tidak boleh kosong!' is present on page 

2022-05-24 23:52:22 - [MESSAGE][PASSED] - customKeyword.verifyErrorMessage is PASSED

2022-05-24 23:52:22 - [MESSAGE][PASSED] - Call Test Case 'Test Cases/Common/Register - Verify error empty password' successfully

2022-05-24 23:52:22 - [MESSAGE][PASSED] - I should see error 'password tidak boleh kosong!'

2022-05-24 23:52:22 - [MESSAGE][PASSED] - Feature file: 'Include/features/Register.feature' was passed

2022-05-24 23:52:22 - [TEST_STEP][PASSED] - Start listener action : afterTestCase: Browser is closed

2022-05-24 23:52:22 - [TEST_STEP][PASSED] - closeBrowser(): Browser is closed

2022-05-24 23:52:22 - [MESSAGE][PASSED] - Browser is closed]]></system-out>
         <system-err><![CDATA[]]></system-err>
      </testcase>
      <testcase name="Test Cases/Register/Neg - Register with invalid password" time="21.969" classname="Test Cases/Register/Neg - Register with invalid password" status="PASSED">
         <system-out><![CDATA[2022-05-24 23:52:22 - [TEST_CASE][PASSED] - Test Cases/Register/Neg - Register with invalid password: Test Cases/Register/Neg - Register with invalid password

2022-05-24 23:52:22 - [TEST_STEP][PASSED] - runFeatureFileWithTags("Include/features/Register.feature", "@Invalid_password"): Feature file: 'Include/features/Register.feature' was passed

2022-05-24 23:52:22 - [MESSAGE][INFO] - Starting run keyword runFeatureFile: 'Include/features/Register.feature' and extract report to folder: '/Users/meitridelfiza/git/yellowfit-web-automation/Reports/20220524_234901/Test Suite Register/20220524_234901/cucumber_report/1653411142470'...

2022-05-24 23:52:22 - [TEST_CASE][PASSED] - Start Test Case : SCENARIO Register with invalid password: SCENARIO Register with invalid password

2022-05-24 23:52:22 - [TEST_STEP][PASSED] - I navigate to YellowFit application: I navigate to YellowFit application

2022-05-24 23:52:22 - [TEST_CASE][PASSED] - Test Cases/Common/Home - Load home page: Test Cases/Common/Home - Load home page

2022-05-24 23:52:22 - [TEST_STEP][PASSED] - openBrowser(""): Browser is opened with url: ''

2022-05-24 23:52:22 - [MESSAGE][INFO] - Starting 'Chrome' driver

2022-05-24 23:52:22 - [MESSAGE][INFO] - Action delay is set to 0 milliseconds

2022-05-24 23:52:25 - [MESSAGE][PASSED] - Browser is opened with url: ''

2022-05-24 23:52:25 - [TEST_STEP][PASSED] - navigateToUrl(url): Navigate to 'https://yellowfitkitchen.com/' successfully

2022-05-24 23:52:29 - [MESSAGE][PASSED] - Navigate to 'https://yellowfitkitchen.com/' successfully

2022-05-24 23:52:29 - [MESSAGE][PASSED] - Call Test Case 'Test Cases/Common/Home - Load home page' successfully

2022-05-24 23:52:29 - [MESSAGE][PASSED] - I navigate to YellowFit application

2022-05-24 23:52:29 - [TEST_STEP][PASSED] - I click Account button: I click Account button

2022-05-24 23:52:29 - [TEST_CASE][PASSED] - Test Cases/Common/Home - Click Account: Test Cases/Common/Home - Click Account

2022-05-24 23:52:29 - [TEST_STEP][PASSED] - click(findTestObject("Object Repository/Home/link_account")): Object: 'Object Repository/Home/link_account' is clicked on

2022-05-24 23:52:31 - [MESSAGE][PASSED] - Object: 'Object Repository/Home/link_account' is clicked on

2022-05-24 23:52:31 - [MESSAGE][PASSED] - Call Test Case 'Test Cases/Common/Home - Click Account' successfully

2022-05-24 23:52:31 - [MESSAGE][PASSED] - I click Account button

2022-05-24 23:52:31 - [TEST_STEP][PASSED] - I click Create Account button: I click Create Account button

2022-05-24 23:52:31 - [TEST_CASE][PASSED] - Test Cases/Common/Login - Click Create Account: Test Cases/Common/Login - Click Create Account

2022-05-24 23:52:31 - [TEST_STEP][PASSED] - click(findTestObject("Object Repository/Login/btn_create_account")): Object: 'Object Repository/Login/btn_create_account' is clicked on

2022-05-24 23:52:34 - [MESSAGE][PASSED] - Object: 'Object Repository/Login/btn_create_account' is clicked on

2022-05-24 23:52:34 - [MESSAGE][PASSED] - Call Test Case 'Test Cases/Common/Login - Click Create Account' successfully

2022-05-24 23:52:34 - [MESSAGE][PASSED] - I click Create Account button

2022-05-24 23:52:34 - [TEST_STEP][PASSED] - I input firstname Hazel, lastname Grace, date 10, month 10, year 2000, phone 08112233440011, email delf_test2@gmail.com, and password a1: I input firstname Hazel, lastname Grace, date 10, month 10, year 2000, phone 08112233440011, email delf_test2@gmail.com, and password a1

2022-05-24 23:52:34 - [TEST_CASE][PASSED] - Test Cases/Common/Register - Fill registration form: Test Cases/Common/Register - Fill registration form

2022-05-24 23:52:34 - [TEST_STEP][PASSED] - setText(findTestObject("Object Repository/Register/input_first_name"), firstname): Text 'Hazel' is set on object 'Object Repository/Register/input_first_name'

2022-05-24 23:52:35 - [MESSAGE][PASSED] - Text 'Hazel' is set on object 'Object Repository/Register/input_first_name'

2022-05-24 23:52:35 - [TEST_STEP][PASSED] - setText(findTestObject("Object Repository/Register/input_last_name"), lastname): Text 'Grace' is set on object 'Object Repository/Register/input_last_name'

2022-05-24 23:52:35 - [MESSAGE][PASSED] - Text 'Grace' is set on object 'Object Repository/Register/input_last_name'

2022-05-24 23:52:35 - [TEST_STEP][PASSED] - selectOptionByValue(findTestObject("Object Repository/Register/dd_day"), date, true): All options with value '10' are selected in object 'Object Repository/Register/dd_day'  using regular expression

2022-05-24 23:52:37 - [MESSAGE][PASSED] - All options with value '10' are selected in object 'Object Repository/Register/dd_day'  using regular expression

2022-05-24 23:52:37 - [TEST_STEP][PASSED] - selectOptionByValue(findTestObject("Object Repository/Register/dd_month"), month, true): All options with value '10' are selected in object 'Object Repository/Register/dd_month'  using regular expression

2022-05-24 23:52:38 - [MESSAGE][PASSED] - All options with value '10' are selected in object 'Object Repository/Register/dd_month'  using regular expression

2022-05-24 23:52:38 - [TEST_STEP][PASSED] - selectOptionByValue(findTestObject("Object Repository/Register/dd_year"), year, true): All options with value '2000' are selected in object 'Object Repository/Register/dd_year'  using regular expression

2022-05-24 23:52:40 - [MESSAGE][PASSED] - All options with value '2000' are selected in object 'Object Repository/Register/dd_year'  using regular expression

2022-05-24 23:52:40 - [TEST_STEP][PASSED] - setText(findTestObject("Object Repository/Register/input_phone_whatsapp"), phone): Text '08112233440011' is set on object 'Object Repository/Register/input_phone_whatsapp'

2022-05-24 23:52:41 - [MESSAGE][PASSED] - Text '08112233440011' is set on object 'Object Repository/Register/input_phone_whatsapp'

2022-05-24 23:52:41 - [TEST_STEP][PASSED] - setText(findTestObject("Object Repository/Register/input_email"), email): Text 'delf_test2@gmail.com' is set on object 'Object Repository/Register/input_email'

2022-05-24 23:52:42 - [MESSAGE][PASSED] - Text 'delf_test2@gmail.com' is set on object 'Object Repository/Register/input_email'

2022-05-24 23:52:42 - [TEST_STEP][PASSED] - setEncryptedText(findTestObject("Object Repository/Register/input_password"), password): Text ****** has been set on object 'Object Repository/Register/input_password'

2022-05-24 23:52:42 - [MESSAGE][PASSED] - Text ****** has been set on object 'Object Repository/Register/input_password'

2022-05-24 23:52:42 - [MESSAGE][PASSED] - Call Test Case 'Test Cases/Common/Register - Fill registration form' successfully

2022-05-24 23:52:42 - [MESSAGE][PASSED] - I input firstname Hazel, lastname Grace, date 10, month 10, year 2000, phone 08112233440011, email delf_test2@gmail.com, and password a1

2022-05-24 23:52:42 - [TEST_STEP][PASSED] - I click Register button: I click Register button

2022-05-24 23:52:42 - [TEST_CASE][PASSED] - Test Cases/Common/Register - Click Register: Test Cases/Common/Register - Click Register

2022-05-24 23:52:42 - [TEST_STEP][PASSED] - click(findTestObject("Register/btn_register")): Object: 'Object Repository/Register/btn_register' is clicked on

2022-05-24 23:52:42 - [MESSAGE][PASSED] - Object: 'Object Repository/Register/btn_register' is clicked on

2022-05-24 23:52:42 - [MESSAGE][PASSED] - Call Test Case 'Test Cases/Common/Register - Click Register' successfully

2022-05-24 23:52:42 - [MESSAGE][PASSED] - I click Register button

2022-05-24 23:52:42 - [TEST_STEP][PASSED] - I should see error 'Password harus 4-15 Digit hanya berisi karakter, angka numerik, garis bawah!': I should see error 'Password harus 4-15 Digit hanya berisi karakter, angka numerik, garis bawah!'

2022-05-24 23:52:43 - [TEST_CASE][PASSED] - Test Cases/Common/Register - Verify error invalid password: Test Cases/Common/Register - Verify error invalid password

2022-05-24 23:52:43 - [TEST_STEP][PASSED] - customKeyword.verifyErrorMessage("Failed", "Password harus 4-15 Digit hanya berisi karakter, angka numerik, garis bawah!"): customKeyword.verifyErrorMessage is PASSED

2022-05-24 23:52:43 - [MESSAGE][WARNING] - Timeout '0' is invalid. Using default page load timeout: '30'

2022-05-24 23:52:43 - [MESSAGE][PASSED] - Object 'Object Repository/Login/mdl_failed' is present

2022-05-24 23:52:43 - [MESSAGE][PASSED] - Text 'Failed' is present on page 

2022-05-24 23:52:44 - [MESSAGE][PASSED] - Text 'Password harus 4-15 Digit hanya berisi karakter, angka numerik, garis bawah!' is present on page 

2022-05-24 23:52:44 - [MESSAGE][PASSED] - customKeyword.verifyErrorMessage is PASSED

2022-05-24 23:52:44 - [MESSAGE][PASSED] - Call Test Case 'Test Cases/Common/Register - Verify error invalid password' successfully

2022-05-24 23:52:44 - [MESSAGE][PASSED] - I should see error 'Password harus 4-15 Digit hanya berisi karakter, angka numerik, garis bawah!'

2022-05-24 23:52:44 - [MESSAGE][PASSED] - Feature file: 'Include/features/Register.feature' was passed

2022-05-24 23:52:44 - [TEST_STEP][PASSED] - Start listener action : afterTestCase: Browser is closed

2022-05-24 23:52:44 - [TEST_STEP][PASSED] - closeBrowser(): Browser is closed

2022-05-24 23:52:44 - [MESSAGE][PASSED] - Browser is closed]]></system-out>
         <system-err><![CDATA[]]></system-err>
      </testcase>
      <system-out><![CDATA[2022-05-24 23:49:06 - [TEST_SUITE][PASSED] - Test Suite Register: Test Cases/Register/Neg - Register with invalid password]]></system-out>
      <system-err><![CDATA[]]></system-err>
   </testsuite>
</testsuites>
